2025-01-05 22:53:27.718 Verbose logging enabled
SLF4J: Failed to load class "org.slf4j.impl.StaticLoggerBinder".
SLF4J: Defaulting to no-operation (NOP) logger implementation
SLF4J: See http://www.slf4j.org/codes.html#StaticLoggerBinder for further details.
2025-01-05 22:53:28.556 Verbose logging enabled
 /$$      /$$ /$$                     /$$      /$$                     /$$      
| $$  /$ | $$|__/                    | $$$    /$$$                    | $$      
| $$ /$$$| $$ /$$  /$$$$$$   /$$$$$$ | $$$$  /$$$$  /$$$$$$   /$$$$$$$| $$   /$$
| $$/$$ $$ $$| $$ /$$__  $$ /$$__  $$| $$ $$/$$ $$ /$$__  $$ /$$_____/| $$  /$$/
| $$$$_  $$$$| $$| $$  \__/| $$$$$$$$| $$  $$$| $$| $$  \ $$| $$      | $$$$$$/ 
| $$$/ \  $$$| $$| $$      | $$_____/| $$\  $ | $$| $$  | $$| $$      | $$_  $$ 
| $$/   \  $$| $$| $$      |  $$$$$$$| $$ \/  | $$|  $$$$$$/|  $$$$$$$| $$ \  $$
|__/     \__/|__/|__/       \_______/|__/     |__/ \______/  \_______/|__/  \__/

port:                         8084
enable-browser-proxying:      false
no-request-journal:           false
verbose:                      true

2025-01-05 23:10:02.792 Request received:
127.0.0.1 - GET /products

Accept: [application/json, application/yaml, application/*+json]
Connection: [Upgrade, HTTP2-Settings]
User-Agent: [Java-http-client/21.0.5]
Host: [localhost:8084]
HTTP2-Settings: [AAEAAEAAAAIAAAAAAAMAAAAAAAQBAAAAAAUAAEAAAAYABgAA]
Content-Length: [0]
Upgrade: [h2c]



Matched response definition:
{
  "status" : 200,
  "body" : "[{\"productId\":\"Dwt5F7KAhi\",\"productName\":\"Amazing Pizza!\",\"price\":1499},{\"productId\":\"PWWe3w1SDU\",\"productName\":\"Amazing Burger!\",\"price\":789},{\"productId\":\"C8GDyLrHJb\",\"productName\":\"Amazing Salad!\",\"price\":299},{\"productId\":\"4MB7UfpTQs\",\"productName\":\"Boring Fries!\",\"price\":159}]",
  "headers" : {
    "Content-Type" : "application/json"
  }
}

Response:
HTTP/1.1 200
Content-Type: [application/json]

[{"productId":"Dwt5F7KAhi","productName":"Amazing Pizza!","price":1499},{"productId":"PWWe3w1SDU","productName":"Amazing Burger!","price":789},{"productId":"C8GDyLrHJb","productName":"Amazing Salad!","price":299},{"productId":"4MB7UfpTQs","productName":"Boring Fries!","price":159}]

2025-01-05 23:10:44.977 Request received:
127.0.0.1 - GET /products

User-Agent: [insomnia/10.1.1]
Accept: [*/*]
Host: [localhost:8084]



Matched response definition:
{
  "status" : 200,
  "body" : "[{\"productId\":\"Dwt5F7KAhi\",\"productName\":\"Amazing Pizza!\",\"price\":1499},{\"productId\":\"PWWe3w1SDU\",\"productName\":\"Amazing Burger!\",\"price\":789},{\"productId\":\"C8GDyLrHJb\",\"productName\":\"Amazing Salad!\",\"price\":299},{\"productId\":\"4MB7UfpTQs\",\"productName\":\"Boring Fries!\",\"price\":159}]",
  "headers" : {
    "Content-Type" : "application/json"
  }
}

Response:
HTTP/1.1 200
Content-Type: [application/json]

[{"productId":"Dwt5F7KAhi","productName":"Amazing Pizza!","price":1499},{"productId":"PWWe3w1SDU","productName":"Amazing Burger!","price":789},{"productId":"C8GDyLrHJb","productName":"Amazing Salad!","price":299},{"productId":"4MB7UfpTQs","productName":"Boring Fries!","price":159}]

2025-01-05 23:16:13.273 Request received:
127.0.0.1 - GET /products

Accept: [application/json, application/yaml, application/*+json]
Connection: [Upgrade, HTTP2-Settings]
User-Agent: [Java-http-client/21.0.5]
Host: [localhost:8084]
HTTP2-Settings: [AAEAAEAAAAIAAAAAAAMAAAAAAAQBAAAAAAUAAEAAAAYABgAA]
Content-Length: [0]
Upgrade: [h2c]



Matched response definition:
{
  "status" : 200,
  "body" : "[{\"productId\":\"Dwt5F7KAhi\",\"productName\":\"Amazing Pizza!\",\"price\":1499},{\"productId\":\"PWWe3w1SDU\",\"productName\":\"Amazing Burger!\",\"price\":789},{\"productId\":\"C8GDyLrHJb\",\"productName\":\"Amazing Salad!\",\"price\":299},{\"productId\":\"4MB7UfpTQs\",\"productName\":\"Boring Fries!\",\"price\":159}]",
  "headers" : {
    "Content-Type" : "application/json"
  }
}

Response:
HTTP/1.1 200
Content-Type: [application/json]

[{"productId":"Dwt5F7KAhi","productName":"Amazing Pizza!","price":1499},{"productId":"PWWe3w1SDU","productName":"Amazing Burger!","price":789},{"productId":"C8GDyLrHJb","productName":"Amazing Salad!","price":299},{"productId":"4MB7UfpTQs","productName":"Boring Fries!","price":159}]

2025-01-05 23:29:33.921 Request received:
127.0.0.1 - GET /products

Accept: [application/json, application/yaml, application/*+json]
Connection: [Upgrade, HTTP2-Settings]
User-Agent: [Java-http-client/21.0.5]
Host: [localhost:8084]
HTTP2-Settings: [AAEAAEAAAAIAAAAAAAMAAAAAAAQBAAAAAAUAAEAAAAYABgAA]
Content-Length: [0]
Upgrade: [h2c]



Matched response definition:
{
  "status" : 200,
  "body" : "[{\"productId\":\"Dwt5F7KAhi\",\"productName\":\"Amazing Pizza!\",\"price\":1499},{\"productId\":\"PWWe3w1SDU\",\"productName\":\"Amazing Burger!\",\"price\":789},{\"productId\":\"C8GDyLrHJb\",\"productName\":\"Amazing Salad!\",\"price\":299},{\"productId\":\"4MB7UfpTQs\",\"productName\":\"Boring Fries!\",\"price\":159}]",
  "headers" : {
    "Content-Type" : "application/json"
  }
}

Response:
HTTP/1.1 200
Content-Type: [application/json]

[{"productId":"Dwt5F7KAhi","productName":"Amazing Pizza!","price":1499},{"productId":"PWWe3w1SDU","productName":"Amazing Burger!","price":789},{"productId":"C8GDyLrHJb","productName":"Amazing Salad!","price":299},{"productId":"4MB7UfpTQs","productName":"Boring Fries!","price":159}]

2025-01-05 23:42:12.529 Request received:
127.0.0.1 - GET /products

Accept: [application/json, application/yaml, application/*+json]
Connection: [Upgrade, HTTP2-Settings]
User-Agent: [Java-http-client/21.0.5]
Host: [localhost:8084]
HTTP2-Settings: [AAEAAEAAAAIAAAAAAAMAAAAAAAQBAAAAAAUAAEAAAAYABgAA]
Content-Length: [0]
Upgrade: [h2c]



Matched response definition:
{
  "status" : 200,
  "body" : "[{\"productId\":\"Dwt5F7KAhi\",\"productName\":\"Amazing Pizza!\",\"price\":1499},{\"productId\":\"PWWe3w1SDU\",\"productName\":\"Amazing Burger!\",\"price\":789},{\"productId\":\"C8GDyLrHJb\",\"productName\":\"Amazing Salad!\",\"price\":299},{\"productId\":\"4MB7UfpTQs\",\"productName\":\"Boring Fries!\",\"price\":159}]",
  "headers" : {
    "Content-Type" : "application/json"
  }
}

Response:
HTTP/1.1 200
Content-Type: [application/json]

[{"productId":"Dwt5F7KAhi","productName":"Amazing Pizza!","price":1499},{"productId":"PWWe3w1SDU","productName":"Amazing Burger!","price":789},{"productId":"C8GDyLrHJb","productName":"Amazing Salad!","price":299},{"productId":"4MB7UfpTQs","productName":"Boring Fries!","price":159}]

2025-01-05 23:42:12.561 Request received:
127.0.0.1 - GET /products

Accept: [application/json, application/yaml, application/*+json]
Connection: [Upgrade, HTTP2-Settings]
User-Agent: [Java-http-client/21.0.5]
Host: [localhost:8084]
HTTP2-Settings: [AAEAAEAAAAIAAAAAAAMAAAAAAAQBAAAAAAUAAEAAAAYABgAA]
Content-Length: [0]
Upgrade: [h2c]



Matched response definition:
{
  "status" : 200,
  "body" : "[{\"productId\":\"Dwt5F7KAhi\",\"productName\":\"Amazing Pizza!\",\"price\":1499},{\"productId\":\"PWWe3w1SDU\",\"productName\":\"Amazing Burger!\",\"price\":789},{\"productId\":\"C8GDyLrHJb\",\"productName\":\"Amazing Salad!\",\"price\":299},{\"productId\":\"4MB7UfpTQs\",\"productName\":\"Boring Fries!\",\"price\":159}]",
  "headers" : {
    "Content-Type" : "application/json"
  }
}

Response:
HTTP/1.1 200
Content-Type: [application/json]

[{"productId":"Dwt5F7KAhi","productName":"Amazing Pizza!","price":1499},{"productId":"PWWe3w1SDU","productName":"Amazing Burger!","price":789},{"productId":"C8GDyLrHJb","productName":"Amazing Salad!","price":299},{"productId":"4MB7UfpTQs","productName":"Boring Fries!","price":159}]

2025-01-05 23:51:06.040 Request received:
127.0.0.1 - GET /products

Accept: [application/json, application/yaml, application/*+json]
Connection: [Upgrade, HTTP2-Settings]
User-Agent: [Java-http-client/21.0.5]
Host: [localhost:8084]
HTTP2-Settings: [AAEAAEAAAAIAAAAAAAMAAAAAAAQBAAAAAAUAAEAAAAYABgAA]
Content-Length: [0]
Upgrade: [h2c]



Matched response definition:
{
  "status" : 200,
  "body" : "[{\"productId\":\"Dwt5F7KAhi\",\"productName\":\"Amazing Pizza!\",\"price\":1499},{\"productId\":\"PWWe3w1SDU\",\"productName\":\"Amazing Burger!\",\"price\":789},{\"productId\":\"C8GDyLrHJb\",\"productName\":\"Amazing Salad!\",\"price\":299},{\"productId\":\"4MB7UfpTQs\",\"productName\":\"Boring Fries!\",\"price\":159}]",
  "headers" : {
    "Content-Type" : "application/json"
  }
}

Response:
HTTP/1.1 200
Content-Type: [application/json]

[{"productId":"Dwt5F7KAhi","productName":"Amazing Pizza!","price":1499},{"productId":"PWWe3w1SDU","productName":"Amazing Burger!","price":789},{"productId":"C8GDyLrHJb","productName":"Amazing Salad!","price":299},{"productId":"4MB7UfpTQs","productName":"Boring Fries!","price":159}]

2025-01-05 23:51:12.370 Request received:
127.0.0.1 - GET /products

Accept: [application/json, application/yaml, application/*+json]
Connection: [Upgrade, HTTP2-Settings]
User-Agent: [Java-http-client/21.0.5]
Host: [localhost:8084]
HTTP2-Settings: [AAEAAEAAAAIAAAAAAAMAAAAAAAQBAAAAAAUAAEAAAAYABgAA]
Content-Length: [0]
Upgrade: [h2c]



Matched response definition:
{
  "status" : 200,
  "body" : "[{\"productId\":\"Dwt5F7KAhi\",\"productName\":\"Amazing Pizza!\",\"price\":1499},{\"productId\":\"PWWe3w1SDU\",\"productName\":\"Amazing Burger!\",\"price\":789},{\"productId\":\"C8GDyLrHJb\",\"productName\":\"Amazing Salad!\",\"price\":299},{\"productId\":\"4MB7UfpTQs\",\"productName\":\"Boring Fries!\",\"price\":159}]",
  "headers" : {
    "Content-Type" : "application/json"
  }
}

Response:
HTTP/1.1 200
Content-Type: [application/json]

[{"productId":"Dwt5F7KAhi","productName":"Amazing Pizza!","price":1499},{"productId":"PWWe3w1SDU","productName":"Amazing Burger!","price":789},{"productId":"C8GDyLrHJb","productName":"Amazing Salad!","price":299},{"productId":"4MB7UfpTQs","productName":"Boring Fries!","price":159}]

2025-01-05 23:51:12.385 Request received:
127.0.0.1 - GET /products

Accept: [application/json, application/yaml, application/*+json]
Connection: [Upgrade, HTTP2-Settings]
User-Agent: [Java-http-client/21.0.5]
Host: [localhost:8084]
HTTP2-Settings: [AAEAAEAAAAIAAAAAAAMAAAAAAAQBAAAAAAUAAEAAAAYABgAA]
Content-Length: [0]
Upgrade: [h2c]



Matched response definition:
{
  "status" : 200,
  "body" : "[{\"productId\":\"Dwt5F7KAhi\",\"productName\":\"Amazing Pizza!\",\"price\":1499},{\"productId\":\"PWWe3w1SDU\",\"productName\":\"Amazing Burger!\",\"price\":789},{\"productId\":\"C8GDyLrHJb\",\"productName\":\"Amazing Salad!\",\"price\":299},{\"productId\":\"4MB7UfpTQs\",\"productName\":\"Boring Fries!\",\"price\":159}]",
  "headers" : {
    "Content-Type" : "application/json"
  }
}

Response:
HTTP/1.1 200
Content-Type: [application/json]

[{"productId":"Dwt5F7KAhi","productName":"Amazing Pizza!","price":1499},{"productId":"PWWe3w1SDU","productName":"Amazing Burger!","price":789},{"productId":"C8GDyLrHJb","productName":"Amazing Salad!","price":299},{"productId":"4MB7UfpTQs","productName":"Boring Fries!","price":159}]

2025-01-05 23:55:00.172 Request received:
127.0.0.1 - GET /products

Accept: [application/json, application/yaml, application/*+json]
Connection: [Upgrade, HTTP2-Settings]
User-Agent: [Java-http-client/21.0.5]
Host: [localhost:8084]
HTTP2-Settings: [AAEAAEAAAAIAAAAAAAMAAAAAAAQBAAAAAAUAAEAAAAYABgAA]
Content-Length: [0]
Upgrade: [h2c]



Matched response definition:
{
  "status" : 200,
  "body" : "[{\"productId\":\"Dwt5F7KAhi\",\"productName\":\"Amazing Pizza!\",\"price\":1499},{\"productId\":\"PWWe3w1SDU\",\"productName\":\"Amazing Burger!\",\"price\":789},{\"productId\":\"C8GDyLrHJb\",\"productName\":\"Amazing Salad!\",\"price\":299},{\"productId\":\"4MB7UfpTQs\",\"productName\":\"Boring Fries!\",\"price\":159}]",
  "headers" : {
    "Content-Type" : "application/json"
  }
}

Response:
HTTP/1.1 200
Content-Type: [application/json]

[{"productId":"Dwt5F7KAhi","productName":"Amazing Pizza!","price":1499},{"productId":"PWWe3w1SDU","productName":"Amazing Burger!","price":789},{"productId":"C8GDyLrHJb","productName":"Amazing Salad!","price":299},{"productId":"4MB7UfpTQs","productName":"Boring Fries!","price":159}]

2025-01-05 23:55:30.119 Request received:
127.0.0.1 - GET /products/Dwt5F7KAhi

Accept: [application/json, application/yaml, application/*+json]
Connection: [Upgrade, HTTP2-Settings]
User-Agent: [Java-http-client/21.0.5]
Host: [localhost:8084]
HTTP2-Settings: [AAEAAEAAAAIAAAAAAAMAAAAAAAQBAAAAAAUAAEAAAAYABgAA]
Content-Length: [0]
Upgrade: [h2c]



Matched response definition:
{
  "status" : 200,
  "body" : "{\"productId\":\"Dwt5F7KAhi\",\"productName\":\"Amazing Pizza!\",\"price\":1499,\"promotions\":[{\"id\":\"ibt3EEYczW\",\"type\":\"QTY_BASED_PRICE_OVERRIDE\",\"required_qty\":2,\"price\":1999}]}",
  "headers" : {
    "Content-Type" : "application/json"
  }
}

Response:
HTTP/1.1 200
Content-Type: [application/json]

{"productId":"Dwt5F7KAhi","productName":"Amazing Pizza!","price":1499,"promotions":[{"id":"ibt3EEYczW","type":"QTY_BASED_PRICE_OVERRIDE","required_qty":2,"price":1999}]}

2025-01-05 23:57:20.004 Request received:
127.0.0.1 - GET /products

Accept: [application/json, application/yaml, application/*+json]
Connection: [Upgrade, HTTP2-Settings]
User-Agent: [Java-http-client/21.0.5]
Host: [localhost:8084]
HTTP2-Settings: [AAEAAEAAAAIAAAAAAAMAAAAAAAQBAAAAAAUAAEAAAAYABgAA]
Content-Length: [0]
Upgrade: [h2c]



Matched response definition:
{
  "status" : 200,
  "body" : "[{\"productId\":\"Dwt5F7KAhi\",\"productName\":\"Amazing Pizza!\",\"price\":1499},{\"productId\":\"PWWe3w1SDU\",\"productName\":\"Amazing Burger!\",\"price\":789},{\"productId\":\"C8GDyLrHJb\",\"productName\":\"Amazing Salad!\",\"price\":299},{\"productId\":\"4MB7UfpTQs\",\"productName\":\"Boring Fries!\",\"price\":159}]",
  "headers" : {
    "Content-Type" : "application/json"
  }
}

Response:
HTTP/1.1 200
Content-Type: [application/json]

[{"productId":"Dwt5F7KAhi","productName":"Amazing Pizza!","price":1499},{"productId":"PWWe3w1SDU","productName":"Amazing Burger!","price":789},{"productId":"C8GDyLrHJb","productName":"Amazing Salad!","price":299},{"productId":"4MB7UfpTQs","productName":"Boring Fries!","price":159}]

2025-01-05 23:57:20.022 Request received:
127.0.0.1 - GET /products/PWWe3w1SDU

Accept: [application/json, application/yaml, application/*+json]
Connection: [Upgrade, HTTP2-Settings]
User-Agent: [Java-http-client/21.0.5]
Host: [localhost:8084]
HTTP2-Settings: [AAEAAEAAAAIAAAAAAAMAAAAAAAQBAAAAAAUAAEAAAAYABgAA]
Content-Length: [0]
Upgrade: [h2c]



Matched response definition:
{
  "status" : 200,
  "body" : "{\"productId\":\"PWWe3w1SDU\",\"productName\":\"Amazing Burger!\",\"price\":789,\"promotions\":[{\"id\":\"ZRAwbsO2qM\",\"type\":\"BUY_X_GET_Y_FREE\",\"required_qty\":2,\"free_qty\":1}]}",
  "headers" : {
    "Content-Type" : "application/json"
  }
}

Response:
HTTP/1.1 200
Content-Type: [application/json]

{"productId":"PWWe3w1SDU","productName":"Amazing Burger!","price":789,"promotions":[{"id":"ZRAwbsO2qM","type":"BUY_X_GET_Y_FREE","required_qty":2,"free_qty":1}]}

2025-01-06 00:14:29.895 Request received:
127.0.0.1 - GET /products/PWWe3w1SDU

Accept: [application/json, application/yaml, application/*+json]
Connection: [Upgrade, HTTP2-Settings]
User-Agent: [Java-http-client/21.0.5]
Host: [localhost:8084]
HTTP2-Settings: [AAEAAEAAAAIAAAAAAAMAAAAAAAQBAAAAAAUAAEAAAAYABgAA]
Content-Length: [0]
Upgrade: [h2c]



Matched response definition:
{
  "status" : 200,
  "body" : "{\"productId\":\"PWWe3w1SDU\",\"productName\":\"Amazing Burger!\",\"price\":789,\"promotions\":[{\"id\":\"ZRAwbsO2qM\",\"type\":\"BUY_X_GET_Y_FREE\",\"required_qty\":2,\"free_qty\":1}]}",
  "headers" : {
    "Content-Type" : "application/json"
  }
}

Response:
HTTP/1.1 200
Content-Type: [application/json]

{"productId":"PWWe3w1SDU","productName":"Amazing Burger!","price":789,"promotions":[{"id":"ZRAwbsO2qM","type":"BUY_X_GET_Y_FREE","required_qty":2,"free_qty":1}]}

2025-01-06 00:23:04.713 Request received:
127.0.0.1 - GET /products/PWWe3w1SDU

Accept: [application/json, application/yaml, application/*+json]
Connection: [Upgrade, HTTP2-Settings]
User-Agent: [Java-http-client/21.0.5]
Host: [localhost:8084]
HTTP2-Settings: [AAEAAEAAAAIAAAAAAAMAAAAAAAQBAAAAAAUAAEAAAAYABgAA]
Content-Length: [0]
Upgrade: [h2c]



Matched response definition:
{
  "status" : 200,
  "body" : "{\"productId\":\"PWWe3w1SDU\",\"productName\":\"Amazing Burger!\",\"price\":789,\"promotions\":[{\"id\":\"ZRAwbsO2qM\",\"type\":\"BUY_X_GET_Y_FREE\",\"required_qty\":2,\"free_qty\":1}]}",
  "headers" : {
    "Content-Type" : "application/json"
  }
}

Response:
HTTP/1.1 200
Content-Type: [application/json]

{"productId":"PWWe3w1SDU","productName":"Amazing Burger!","price":789,"promotions":[{"id":"ZRAwbsO2qM","type":"BUY_X_GET_Y_FREE","required_qty":2,"free_qty":1}]}

