2024-12-30 17:17:32.727 Verbose logging enabled
SLF4J: Failed to load class "org.slf4j.impl.StaticLoggerBinder".
SLF4J: Defaulting to no-operation (NOP) logger implementation
SLF4J: See http://www.slf4j.org/codes.html#StaticLoggerBinder for further details.
2024-12-30 17:17:33.600 Verbose logging enabled
 /$$      /$$ /$$                     /$$      /$$                     /$$      
| $$  /$ | $$|__/                    | $$$    /$$$                    | $$      
| $$ /$$$| $$ /$$  /$$$$$$   /$$$$$$ | $$$$  /$$$$  /$$$$$$   /$$$$$$$| $$   /$$
| $$/$$ $$ $$| $$ /$$__  $$ /$$__  $$| $$ $$/$$ $$ /$$__  $$ /$$_____/| $$  /$$/
| $$$$_  $$$$| $$| $$  \__/| $$$$$$$$| $$  $$$| $$| $$  \ $$| $$      | $$$$$$/ 
| $$$/ \  $$$| $$| $$      | $$_____/| $$\  $ | $$| $$  | $$| $$      | $$_  $$ 
| $$/   \  $$| $$| $$      |  $$$$$$$| $$ \/  | $$|  $$$$$$/|  $$$$$$$| $$ \  $$
|__/     \__/|__/|__/       \_______/|__/     |__/ \______/  \_______/|__/  \__/

port:                         8082
enable-browser-proxying:      false
no-request-journal:           false
verbose:                      true

2024-12-30 17:17:38.508 Request received:
127.0.0.1 - GET /products

Accept: [application/json, application/yaml, application/*+json]
Connection: [Upgrade, HTTP2-Settings]
User-Agent: [Java-http-client/23.0.1]
Host: [localhost:8082]
HTTP2-Settings: [AAEAAEAAAAIAAAAAAAMAAAAAAAQBAAAAAAUAAEAAAAYABgAA]
Content-Length: [0]
Upgrade: [h2c]



Matched response definition:
{
  "status" : 200,
  "body" : "[{\"id\":\"Dwt5F7KAhi\",\"name\":\"Amazing Pizza!\",\"price\":1099},{\"id\":\"PWWe3w1SDU\",\"name\":\"Amazing Burger!\",\"price\":999},{\"id\":\"C8GDyLrHJb\",\"name\":\"Amazing Salad!\",\"price\":499},{\"id\":\"4MB7UfpTQs\",\"name\":\"Boring Fries!\",\"price\":199}]",
  "headers" : {
    "Content-Type" : "application/json"
  }
}

Response:
HTTP/1.1 200
Content-Type: [application/json]

[{"id":"Dwt5F7KAhi","name":"Amazing Pizza!","price":1099},{"id":"PWWe3w1SDU","name":"Amazing Burger!","price":999},{"id":"C8GDyLrHJb","name":"Amazing Salad!","price":499},{"id":"4MB7UfpTQs","name":"Boring Fries!","price":199}]

2024-12-30 17:18:29.284 Request received:
127.0.0.1 - GET /products/4MB7UfpTQs

Accept: [application/json, application/yaml, application/*+json]
Connection: [Upgrade, HTTP2-Settings]
User-Agent: [Java-http-client/23.0.1]
Host: [localhost:8082]
HTTP2-Settings: [AAEAAEAAAAIAAAAAAAMAAAAAAAQBAAAAAAUAAEAAAAYABgAA]
Content-Length: [0]
Upgrade: [h2c]



Matched response definition:
{
  "status" : 200,
  "body" : "{\"id\":\"4MB7UfpTQs\",\"name\":\"Boring Fries!\",\"price\":199,\"promotions\":[]}",
  "headers" : {
    "Content-Type" : "application/json"
  }
}

Response:
HTTP/1.1 200
Content-Type: [application/json]

{"id":"4MB7UfpTQs","name":"Boring Fries!","price":199,"promotions":[]}

2024-12-30 17:18:29.298 Request received:
127.0.0.1 - GET /products/4MB7UfpTQs

Accept: [application/json, application/yaml, application/*+json]
Connection: [Upgrade, HTTP2-Settings]
User-Agent: [Java-http-client/23.0.1]
Host: [localhost:8082]
HTTP2-Settings: [AAEAAEAAAAIAAAAAAAMAAAAAAAQBAAAAAAUAAEAAAAYABgAA]
Content-Length: [0]
Upgrade: [h2c]



Matched response definition:
{
  "status" : 200,
  "body" : "{\"id\":\"4MB7UfpTQs\",\"name\":\"Boring Fries!\",\"price\":199,\"promotions\":[]}",
  "headers" : {
    "Content-Type" : "application/json"
  }
}

Response:
HTTP/1.1 200
Content-Type: [application/json]

{"id":"4MB7UfpTQs","name":"Boring Fries!","price":199,"promotions":[]}

2024-12-30 17:18:29.308 Request received:
127.0.0.1 - GET /products/PWWe3w1SDU

Accept: [application/json, application/yaml, application/*+json]
Connection: [Upgrade, HTTP2-Settings]
User-Agent: [Java-http-client/23.0.1]
Host: [localhost:8082]
HTTP2-Settings: [AAEAAEAAAAIAAAAAAAMAAAAAAAQBAAAAAAUAAEAAAAYABgAA]
Content-Length: [0]
Upgrade: [h2c]



Matched response definition:
{
  "status" : 200,
  "body" : "{\"id\":\"PWWe3w1SDU\",\"name\":\"Amazing Burger!\",\"price\":999,\"promotions\":[{\"id\":\"ZRAwbsO2qM\",\"type\":\"BUY_X_GET_Y_FREE\",\"required_qty\":2,\"free_qty\":1}]}",
  "headers" : {
    "Content-Type" : "application/json"
  }
}

Response:
HTTP/1.1 200
Content-Type: [application/json]

{"id":"PWWe3w1SDU","name":"Amazing Burger!","price":999,"promotions":[{"id":"ZRAwbsO2qM","type":"BUY_X_GET_Y_FREE","required_qty":2,"free_qty":1}]}

2024-12-30 17:18:33.405 Request received:
127.0.0.1 - GET /products/PWWe3w1SDU

Accept: [application/json, application/yaml, application/*+json]
Connection: [Upgrade, HTTP2-Settings]
User-Agent: [Java-http-client/23.0.1]
Host: [localhost:8082]
HTTP2-Settings: [AAEAAEAAAAIAAAAAAAMAAAAAAAQBAAAAAAUAAEAAAAYABgAA]
Content-Length: [0]
Upgrade: [h2c]



Matched response definition:
{
  "status" : 200,
  "body" : "{\"id\":\"PWWe3w1SDU\",\"name\":\"Amazing Burger!\",\"price\":999,\"promotions\":[{\"id\":\"ZRAwbsO2qM\",\"type\":\"BUY_X_GET_Y_FREE\",\"required_qty\":2,\"free_qty\":1}]}",
  "headers" : {
    "Content-Type" : "application/json"
  }
}

Response:
HTTP/1.1 200
Content-Type: [application/json]

{"id":"PWWe3w1SDU","name":"Amazing Burger!","price":999,"promotions":[{"id":"ZRAwbsO2qM","type":"BUY_X_GET_Y_FREE","required_qty":2,"free_qty":1}]}

2024-12-30 17:18:33.413 Request received:
127.0.0.1 - GET /products/PWWe3w1SDU

Accept: [application/json, application/yaml, application/*+json]
Connection: [Upgrade, HTTP2-Settings]
User-Agent: [Java-http-client/23.0.1]
Host: [localhost:8082]
HTTP2-Settings: [AAEAAEAAAAIAAAAAAAMAAAAAAAQBAAAAAAUAAEAAAAYABgAA]
Content-Length: [0]
Upgrade: [h2c]



Matched response definition:
{
  "status" : 200,
  "body" : "{\"id\":\"PWWe3w1SDU\",\"name\":\"Amazing Burger!\",\"price\":999,\"promotions\":[{\"id\":\"ZRAwbsO2qM\",\"type\":\"BUY_X_GET_Y_FREE\",\"required_qty\":2,\"free_qty\":1}]}",
  "headers" : {
    "Content-Type" : "application/json"
  }
}

Response:
HTTP/1.1 200
Content-Type: [application/json]

{"id":"PWWe3w1SDU","name":"Amazing Burger!","price":999,"promotions":[{"id":"ZRAwbsO2qM","type":"BUY_X_GET_Y_FREE","required_qty":2,"free_qty":1}]}

2024-12-30 17:18:33.422 Request received:
127.0.0.1 - GET /products/PWWe3w1SDU

Accept: [application/json, application/yaml, application/*+json]
Connection: [Upgrade, HTTP2-Settings]
User-Agent: [Java-http-client/23.0.1]
Host: [localhost:8082]
HTTP2-Settings: [AAEAAEAAAAIAAAAAAAMAAAAAAAQBAAAAAAUAAEAAAAYABgAA]
Content-Length: [0]
Upgrade: [h2c]



Matched response definition:
{
  "status" : 200,
  "body" : "{\"id\":\"PWWe3w1SDU\",\"name\":\"Amazing Burger!\",\"price\":999,\"promotions\":[{\"id\":\"ZRAwbsO2qM\",\"type\":\"BUY_X_GET_Y_FREE\",\"required_qty\":2,\"free_qty\":1}]}",
  "headers" : {
    "Content-Type" : "application/json"
  }
}

Response:
HTTP/1.1 200
Content-Type: [application/json]

{"id":"PWWe3w1SDU","name":"Amazing Burger!","price":999,"promotions":[{"id":"ZRAwbsO2qM","type":"BUY_X_GET_Y_FREE","required_qty":2,"free_qty":1}]}

2024-12-30 17:18:48.324 Request received:
127.0.0.1 - GET /products

Accept: [application/json, application/yaml, application/*+json]
Connection: [Upgrade, HTTP2-Settings]
User-Agent: [Java-http-client/23.0.1]
Host: [localhost:8082]
HTTP2-Settings: [AAEAAEAAAAIAAAAAAAMAAAAAAAQBAAAAAAUAAEAAAAYABgAA]
Content-Length: [0]
Upgrade: [h2c]



Matched response definition:
{
  "status" : 200,
  "body" : "[{\"id\":\"Dwt5F7KAhi\",\"name\":\"Amazing Pizza!\",\"price\":1099},{\"id\":\"PWWe3w1SDU\",\"name\":\"Amazing Burger!\",\"price\":999},{\"id\":\"C8GDyLrHJb\",\"name\":\"Amazing Salad!\",\"price\":499},{\"id\":\"4MB7UfpTQs\",\"name\":\"Boring Fries!\",\"price\":199}]",
  "headers" : {
    "Content-Type" : "application/json"
  }
}

Response:
HTTP/1.1 200
Content-Type: [application/json]

[{"id":"Dwt5F7KAhi","name":"Amazing Pizza!","price":1099},{"id":"PWWe3w1SDU","name":"Amazing Burger!","price":999},{"id":"C8GDyLrHJb","name":"Amazing Salad!","price":499},{"id":"4MB7UfpTQs","name":"Boring Fries!","price":199}]

2024-12-30 17:18:48.333 Request received:
127.0.0.1 - GET /products/PWWe3w1SDU

Accept: [application/json, application/yaml, application/*+json]
Connection: [Upgrade, HTTP2-Settings]
User-Agent: [Java-http-client/23.0.1]
Host: [localhost:8082]
HTTP2-Settings: [AAEAAEAAAAIAAAAAAAMAAAAAAAQBAAAAAAUAAEAAAAYABgAA]
Content-Length: [0]
Upgrade: [h2c]



Matched response definition:
{
  "status" : 200,
  "body" : "{\"id\":\"PWWe3w1SDU\",\"name\":\"Amazing Burger!\",\"price\":999,\"promotions\":[{\"id\":\"ZRAwbsO2qM\",\"type\":\"BUY_X_GET_Y_FREE\",\"required_qty\":2,\"free_qty\":1}]}",
  "headers" : {
    "Content-Type" : "application/json"
  }
}

Response:
HTTP/1.1 200
Content-Type: [application/json]

{"id":"PWWe3w1SDU","name":"Amazing Burger!","price":999,"promotions":[{"id":"ZRAwbsO2qM","type":"BUY_X_GET_Y_FREE","required_qty":2,"free_qty":1}]}

2024-12-30 17:18:48.341 Request received:
127.0.0.1 - GET /products/PWWe3w1SDU

Accept: [application/json, application/yaml, application/*+json]
Connection: [Upgrade, HTTP2-Settings]
User-Agent: [Java-http-client/23.0.1]
Host: [localhost:8082]
HTTP2-Settings: [AAEAAEAAAAIAAAAAAAMAAAAAAAQBAAAAAAUAAEAAAAYABgAA]
Content-Length: [0]
Upgrade: [h2c]



Matched response definition:
{
  "status" : 200,
  "body" : "{\"id\":\"PWWe3w1SDU\",\"name\":\"Amazing Burger!\",\"price\":999,\"promotions\":[{\"id\":\"ZRAwbsO2qM\",\"type\":\"BUY_X_GET_Y_FREE\",\"required_qty\":2,\"free_qty\":1}]}",
  "headers" : {
    "Content-Type" : "application/json"
  }
}

Response:
HTTP/1.1 200
Content-Type: [application/json]

{"id":"PWWe3w1SDU","name":"Amazing Burger!","price":999,"promotions":[{"id":"ZRAwbsO2qM","type":"BUY_X_GET_Y_FREE","required_qty":2,"free_qty":1}]}

2024-12-30 17:18:48.349 Request received:
127.0.0.1 - GET /products/PWWe3w1SDU

Accept: [application/json, application/yaml, application/*+json]
Connection: [Upgrade, HTTP2-Settings]
User-Agent: [Java-http-client/23.0.1]
Host: [localhost:8082]
HTTP2-Settings: [AAEAAEAAAAIAAAAAAAMAAAAAAAQBAAAAAAUAAEAAAAYABgAA]
Content-Length: [0]
Upgrade: [h2c]



Matched response definition:
{
  "status" : 200,
  "body" : "{\"id\":\"PWWe3w1SDU\",\"name\":\"Amazing Burger!\",\"price\":999,\"promotions\":[{\"id\":\"ZRAwbsO2qM\",\"type\":\"BUY_X_GET_Y_FREE\",\"required_qty\":2,\"free_qty\":1}]}",
  "headers" : {
    "Content-Type" : "application/json"
  }
}

Response:
HTTP/1.1 200
Content-Type: [application/json]

{"id":"PWWe3w1SDU","name":"Amazing Burger!","price":999,"promotions":[{"id":"ZRAwbsO2qM","type":"BUY_X_GET_Y_FREE","required_qty":2,"free_qty":1}]}

2024-12-30 18:09:00.829 Request received:
127.0.0.1 - GET /products/PWWe3w1SDU

User-Agent: [insomnia/10.1.1]
Accept: [*/*]
Host: [localhost:8082]



Matched response definition:
{
  "status" : 200,
  "body" : "{\"id\":\"PWWe3w1SDU\",\"name\":\"Amazing Burger!\",\"price\":999,\"promotions\":[{\"id\":\"ZRAwbsO2qM\",\"type\":\"BUY_X_GET_Y_FREE\",\"required_qty\":2,\"free_qty\":1}]}",
  "headers" : {
    "Content-Type" : "application/json"
  }
}

Response:
HTTP/1.1 200
Content-Type: [application/json]

{"id":"PWWe3w1SDU","name":"Amazing Burger!","price":999,"promotions":[{"id":"ZRAwbsO2qM","type":"BUY_X_GET_Y_FREE","required_qty":2,"free_qty":1}]}

2024-12-30 20:34:43.124 Request received:
127.0.0.1 - GET /products

Accept: [application/json, application/yaml, application/*+json]
Connection: [Upgrade, HTTP2-Settings]
User-Agent: [Java-http-client/23.0.1]
Host: [localhost:8082]
HTTP2-Settings: [AAEAAEAAAAIAAAAAAAMAAAAAAAQBAAAAAAUAAEAAAAYABgAA]
Content-Length: [0]
Upgrade: [h2c]



Matched response definition:
{
  "status" : 200,
  "body" : "[{\"id\":\"Dwt5F7KAhi\",\"name\":\"Amazing Pizza!\",\"price\":1099},{\"id\":\"PWWe3w1SDU\",\"name\":\"Amazing Burger!\",\"price\":999},{\"id\":\"C8GDyLrHJb\",\"name\":\"Amazing Salad!\",\"price\":499},{\"id\":\"4MB7UfpTQs\",\"name\":\"Boring Fries!\",\"price\":199}]",
  "headers" : {
    "Content-Type" : "application/json"
  }
}

Response:
HTTP/1.1 200
Content-Type: [application/json]

[{"id":"Dwt5F7KAhi","name":"Amazing Pizza!","price":1099},{"id":"PWWe3w1SDU","name":"Amazing Burger!","price":999},{"id":"C8GDyLrHJb","name":"Amazing Salad!","price":499},{"id":"4MB7UfpTQs","name":"Boring Fries!","price":199}]

2024-12-30 20:34:45.216 Request received:
127.0.0.1 - GET /products

Accept: [application/json, application/yaml, application/*+json]
Connection: [Upgrade, HTTP2-Settings]
User-Agent: [Java-http-client/23.0.1]
Host: [localhost:8082]
HTTP2-Settings: [AAEAAEAAAAIAAAAAAAMAAAAAAAQBAAAAAAUAAEAAAAYABgAA]
Content-Length: [0]
Upgrade: [h2c]



Matched response definition:
{
  "status" : 200,
  "body" : "[{\"id\":\"Dwt5F7KAhi\",\"name\":\"Amazing Pizza!\",\"price\":1099},{\"id\":\"PWWe3w1SDU\",\"name\":\"Amazing Burger!\",\"price\":999},{\"id\":\"C8GDyLrHJb\",\"name\":\"Amazing Salad!\",\"price\":499},{\"id\":\"4MB7UfpTQs\",\"name\":\"Boring Fries!\",\"price\":199}]",
  "headers" : {
    "Content-Type" : "application/json"
  }
}

Response:
HTTP/1.1 200
Content-Type: [application/json]

[{"id":"Dwt5F7KAhi","name":"Amazing Pizza!","price":1099},{"id":"PWWe3w1SDU","name":"Amazing Burger!","price":999},{"id":"C8GDyLrHJb","name":"Amazing Salad!","price":499},{"id":"4MB7UfpTQs","name":"Boring Fries!","price":199}]

2024-12-30 20:34:46.929 Request received:
127.0.0.1 - GET /products

Accept: [application/json, application/yaml, application/*+json]
Connection: [Upgrade, HTTP2-Settings]
User-Agent: [Java-http-client/23.0.1]
Host: [localhost:8082]
HTTP2-Settings: [AAEAAEAAAAIAAAAAAAMAAAAAAAQBAAAAAAUAAEAAAAYABgAA]
Content-Length: [0]
Upgrade: [h2c]



Matched response definition:
{
  "status" : 200,
  "body" : "[{\"id\":\"Dwt5F7KAhi\",\"name\":\"Amazing Pizza!\",\"price\":1099},{\"id\":\"PWWe3w1SDU\",\"name\":\"Amazing Burger!\",\"price\":999},{\"id\":\"C8GDyLrHJb\",\"name\":\"Amazing Salad!\",\"price\":499},{\"id\":\"4MB7UfpTQs\",\"name\":\"Boring Fries!\",\"price\":199}]",
  "headers" : {
    "Content-Type" : "application/json"
  }
}

Response:
HTTP/1.1 200
Content-Type: [application/json]

[{"id":"Dwt5F7KAhi","name":"Amazing Pizza!","price":1099},{"id":"PWWe3w1SDU","name":"Amazing Burger!","price":999},{"id":"C8GDyLrHJb","name":"Amazing Salad!","price":499},{"id":"4MB7UfpTQs","name":"Boring Fries!","price":199}]

2024-12-30 20:43:56.412 Request received:
127.0.0.1 - GET /products/PWWe3w1SDU

Accept: [application/json, application/yaml, application/*+json]
Connection: [Upgrade, HTTP2-Settings]
User-Agent: [Java-http-client/23.0.1]
Host: [localhost:8082]
HTTP2-Settings: [AAEAAEAAAAIAAAAAAAMAAAAAAAQBAAAAAAUAAEAAAAYABgAA]
Content-Length: [0]
Upgrade: [h2c]



Matched response definition:
{
  "status" : 200,
  "body" : "{\"id\":\"PWWe3w1SDU\",\"name\":\"Amazing Burger!\",\"price\":999,\"promotions\":[{\"id\":\"ZRAwbsO2qM\",\"type\":\"BUY_X_GET_Y_FREE\",\"required_qty\":2,\"free_qty\":1}]}",
  "headers" : {
    "Content-Type" : "application/json"
  }
}

Response:
HTTP/1.1 200
Content-Type: [application/json]

{"id":"PWWe3w1SDU","name":"Amazing Burger!","price":999,"promotions":[{"id":"ZRAwbsO2qM","type":"BUY_X_GET_Y_FREE","required_qty":2,"free_qty":1}]}

2024-12-30 20:43:56.517 Request received:
127.0.0.1 - GET /products/PWWe3w1SDU

Accept: [application/json, application/yaml, application/*+json]
Connection: [Upgrade, HTTP2-Settings]
User-Agent: [Java-http-client/23.0.1]
Host: [localhost:8082]
HTTP2-Settings: [AAEAAEAAAAIAAAAAAAMAAAAAAAQBAAAAAAUAAEAAAAYABgAA]
Content-Length: [0]
Upgrade: [h2c]



Matched response definition:
{
  "status" : 200,
  "body" : "{\"id\":\"PWWe3w1SDU\",\"name\":\"Amazing Burger!\",\"price\":999,\"promotions\":[{\"id\":\"ZRAwbsO2qM\",\"type\":\"BUY_X_GET_Y_FREE\",\"required_qty\":2,\"free_qty\":1}]}",
  "headers" : {
    "Content-Type" : "application/json"
  }
}

Response:
HTTP/1.1 200
Content-Type: [application/json]

{"id":"PWWe3w1SDU","name":"Amazing Burger!","price":999,"promotions":[{"id":"ZRAwbsO2qM","type":"BUY_X_GET_Y_FREE","required_qty":2,"free_qty":1}]}

2024-12-30 20:43:56.525 Request received:
127.0.0.1 - GET /products/PWWe3w1SDU

Accept: [application/json, application/yaml, application/*+json]
Connection: [Upgrade, HTTP2-Settings]
User-Agent: [Java-http-client/23.0.1]
Host: [localhost:8082]
HTTP2-Settings: [AAEAAEAAAAIAAAAAAAMAAAAAAAQBAAAAAAUAAEAAAAYABgAA]
Content-Length: [0]
Upgrade: [h2c]



Matched response definition:
{
  "status" : 200,
  "body" : "{\"id\":\"PWWe3w1SDU\",\"name\":\"Amazing Burger!\",\"price\":999,\"promotions\":[{\"id\":\"ZRAwbsO2qM\",\"type\":\"BUY_X_GET_Y_FREE\",\"required_qty\":2,\"free_qty\":1}]}",
  "headers" : {
    "Content-Type" : "application/json"
  }
}

Response:
HTTP/1.1 200
Content-Type: [application/json]

{"id":"PWWe3w1SDU","name":"Amazing Burger!","price":999,"promotions":[{"id":"ZRAwbsO2qM","type":"BUY_X_GET_Y_FREE","required_qty":2,"free_qty":1}]}

2024-12-30 20:45:29.187 Request received:
127.0.0.1 - GET /products/PWWe3w1SDU

Accept: [application/json, application/yaml, application/*+json]
Connection: [Upgrade, HTTP2-Settings]
User-Agent: [Java-http-client/23.0.1]
Host: [localhost:8082]
HTTP2-Settings: [AAEAAEAAAAIAAAAAAAMAAAAAAAQBAAAAAAUAAEAAAAYABgAA]
Content-Length: [0]
Upgrade: [h2c]



Matched response definition:
{
  "status" : 200,
  "body" : "{\"id\":\"PWWe3w1SDU\",\"name\":\"Amazing Burger!\",\"price\":999,\"promotions\":[{\"id\":\"ZRAwbsO2qM\",\"type\":\"BUY_X_GET_Y_FREE\",\"required_qty\":2,\"free_qty\":1}]}",
  "headers" : {
    "Content-Type" : "application/json"
  }
}

Response:
HTTP/1.1 200
Content-Type: [application/json]

{"id":"PWWe3w1SDU","name":"Amazing Burger!","price":999,"promotions":[{"id":"ZRAwbsO2qM","type":"BUY_X_GET_Y_FREE","required_qty":2,"free_qty":1}]}

2024-12-30 20:45:29.241 Request received:
127.0.0.1 - GET /products/PWWe3w1SDU

Accept: [application/json, application/yaml, application/*+json]
Connection: [Upgrade, HTTP2-Settings]
User-Agent: [Java-http-client/23.0.1]
Host: [localhost:8082]
HTTP2-Settings: [AAEAAEAAAAIAAAAAAAMAAAAAAAQBAAAAAAUAAEAAAAYABgAA]
Content-Length: [0]
Upgrade: [h2c]



Matched response definition:
{
  "status" : 200,
  "body" : "{\"id\":\"PWWe3w1SDU\",\"name\":\"Amazing Burger!\",\"price\":999,\"promotions\":[{\"id\":\"ZRAwbsO2qM\",\"type\":\"BUY_X_GET_Y_FREE\",\"required_qty\":2,\"free_qty\":1}]}",
  "headers" : {
    "Content-Type" : "application/json"
  }
}

Response:
HTTP/1.1 200
Content-Type: [application/json]

{"id":"PWWe3w1SDU","name":"Amazing Burger!","price":999,"promotions":[{"id":"ZRAwbsO2qM","type":"BUY_X_GET_Y_FREE","required_qty":2,"free_qty":1}]}

2024-12-30 20:45:29.249 Request received:
127.0.0.1 - GET /products/PWWe3w1SDU

Accept: [application/json, application/yaml, application/*+json]
Connection: [Upgrade, HTTP2-Settings]
User-Agent: [Java-http-client/23.0.1]
Host: [localhost:8082]
HTTP2-Settings: [AAEAAEAAAAIAAAAAAAMAAAAAAAQBAAAAAAUAAEAAAAYABgAA]
Content-Length: [0]
Upgrade: [h2c]



Matched response definition:
{
  "status" : 200,
  "body" : "{\"id\":\"PWWe3w1SDU\",\"name\":\"Amazing Burger!\",\"price\":999,\"promotions\":[{\"id\":\"ZRAwbsO2qM\",\"type\":\"BUY_X_GET_Y_FREE\",\"required_qty\":2,\"free_qty\":1}]}",
  "headers" : {
    "Content-Type" : "application/json"
  }
}

Response:
HTTP/1.1 200
Content-Type: [application/json]

{"id":"PWWe3w1SDU","name":"Amazing Burger!","price":999,"promotions":[{"id":"ZRAwbsO2qM","type":"BUY_X_GET_Y_FREE","required_qty":2,"free_qty":1}]}

2024-12-30 20:50:02.720 Request received:
127.0.0.1 - GET /products/PWWe3w1SDU

Accept: [application/json, application/yaml, application/*+json]
Connection: [Upgrade, HTTP2-Settings]
User-Agent: [Java-http-client/23.0.1]
Host: [localhost:8082]
HTTP2-Settings: [AAEAAEAAAAIAAAAAAAMAAAAAAAQBAAAAAAUAAEAAAAYABgAA]
Content-Length: [0]
Upgrade: [h2c]



Matched response definition:
{
  "status" : 200,
  "body" : "{\"id\":\"PWWe3w1SDU\",\"name\":\"Amazing Burger!\",\"price\":999,\"promotions\":[{\"id\":\"ZRAwbsO2qM\",\"type\":\"BUY_X_GET_Y_FREE\",\"required_qty\":2,\"free_qty\":1}]}",
  "headers" : {
    "Content-Type" : "application/json"
  }
}

Response:
HTTP/1.1 200
Content-Type: [application/json]

{"id":"PWWe3w1SDU","name":"Amazing Burger!","price":999,"promotions":[{"id":"ZRAwbsO2qM","type":"BUY_X_GET_Y_FREE","required_qty":2,"free_qty":1}]}

2024-12-30 20:50:02.767 Request received:
127.0.0.1 - GET /products/PWWe3w1SDU

Accept: [application/json, application/yaml, application/*+json]
Connection: [Upgrade, HTTP2-Settings]
User-Agent: [Java-http-client/23.0.1]
Host: [localhost:8082]
HTTP2-Settings: [AAEAAEAAAAIAAAAAAAMAAAAAAAQBAAAAAAUAAEAAAAYABgAA]
Content-Length: [0]
Upgrade: [h2c]



Matched response definition:
{
  "status" : 200,
  "body" : "{\"id\":\"PWWe3w1SDU\",\"name\":\"Amazing Burger!\",\"price\":999,\"promotions\":[{\"id\":\"ZRAwbsO2qM\",\"type\":\"BUY_X_GET_Y_FREE\",\"required_qty\":2,\"free_qty\":1}]}",
  "headers" : {
    "Content-Type" : "application/json"
  }
}

Response:
HTTP/1.1 200
Content-Type: [application/json]

{"id":"PWWe3w1SDU","name":"Amazing Burger!","price":999,"promotions":[{"id":"ZRAwbsO2qM","type":"BUY_X_GET_Y_FREE","required_qty":2,"free_qty":1}]}

2024-12-30 20:50:02.773 Request received:
127.0.0.1 - GET /products/PWWe3w1SDU

Accept: [application/json, application/yaml, application/*+json]
Connection: [Upgrade, HTTP2-Settings]
User-Agent: [Java-http-client/23.0.1]
Host: [localhost:8082]
HTTP2-Settings: [AAEAAEAAAAIAAAAAAAMAAAAAAAQBAAAAAAUAAEAAAAYABgAA]
Content-Length: [0]
Upgrade: [h2c]



Matched response definition:
{
  "status" : 200,
  "body" : "{\"id\":\"PWWe3w1SDU\",\"name\":\"Amazing Burger!\",\"price\":999,\"promotions\":[{\"id\":\"ZRAwbsO2qM\",\"type\":\"BUY_X_GET_Y_FREE\",\"required_qty\":2,\"free_qty\":1}]}",
  "headers" : {
    "Content-Type" : "application/json"
  }
}

Response:
HTTP/1.1 200
Content-Type: [application/json]

{"id":"PWWe3w1SDU","name":"Amazing Burger!","price":999,"promotions":[{"id":"ZRAwbsO2qM","type":"BUY_X_GET_Y_FREE","required_qty":2,"free_qty":1}]}

2024-12-30 20:52:38.614 Request received:
127.0.0.1 - GET /products/PWWe3w1SDU

Accept: [application/json, application/yaml, application/*+json]
Connection: [Upgrade, HTTP2-Settings]
User-Agent: [Java-http-client/23.0.1]
Host: [localhost:8082]
HTTP2-Settings: [AAEAAEAAAAIAAAAAAAMAAAAAAAQBAAAAAAUAAEAAAAYABgAA]
Content-Length: [0]
Upgrade: [h2c]



Matched response definition:
{
  "status" : 200,
  "body" : "{\"id\":\"PWWe3w1SDU\",\"name\":\"Amazing Burger!\",\"price\":999,\"promotions\":[{\"id\":\"ZRAwbsO2qM\",\"type\":\"BUY_X_GET_Y_FREE\",\"required_qty\":2,\"free_qty\":1}]}",
  "headers" : {
    "Content-Type" : "application/json"
  }
}

Response:
HTTP/1.1 200
Content-Type: [application/json]

{"id":"PWWe3w1SDU","name":"Amazing Burger!","price":999,"promotions":[{"id":"ZRAwbsO2qM","type":"BUY_X_GET_Y_FREE","required_qty":2,"free_qty":1}]}

2024-12-30 20:52:38.623 Request received:
127.0.0.1 - GET /products/PWWe3w1SDU

Accept: [application/json, application/yaml, application/*+json]
Connection: [Upgrade, HTTP2-Settings]
User-Agent: [Java-http-client/23.0.1]
Host: [localhost:8082]
HTTP2-Settings: [AAEAAEAAAAIAAAAAAAMAAAAAAAQBAAAAAAUAAEAAAAYABgAA]
Content-Length: [0]
Upgrade: [h2c]



Matched response definition:
{
  "status" : 200,
  "body" : "{\"id\":\"PWWe3w1SDU\",\"name\":\"Amazing Burger!\",\"price\":999,\"promotions\":[{\"id\":\"ZRAwbsO2qM\",\"type\":\"BUY_X_GET_Y_FREE\",\"required_qty\":2,\"free_qty\":1}]}",
  "headers" : {
    "Content-Type" : "application/json"
  }
}

Response:
HTTP/1.1 200
Content-Type: [application/json]

{"id":"PWWe3w1SDU","name":"Amazing Burger!","price":999,"promotions":[{"id":"ZRAwbsO2qM","type":"BUY_X_GET_Y_FREE","required_qty":2,"free_qty":1}]}

2024-12-30 20:52:38.631 Request received:
127.0.0.1 - GET /products/PWWe3w1SDU

Accept: [application/json, application/yaml, application/*+json]
Connection: [Upgrade, HTTP2-Settings]
User-Agent: [Java-http-client/23.0.1]
Host: [localhost:8082]
HTTP2-Settings: [AAEAAEAAAAIAAAAAAAMAAAAAAAQBAAAAAAUAAEAAAAYABgAA]
Content-Length: [0]
Upgrade: [h2c]



Matched response definition:
{
  "status" : 200,
  "body" : "{\"id\":\"PWWe3w1SDU\",\"name\":\"Amazing Burger!\",\"price\":999,\"promotions\":[{\"id\":\"ZRAwbsO2qM\",\"type\":\"BUY_X_GET_Y_FREE\",\"required_qty\":2,\"free_qty\":1}]}",
  "headers" : {
    "Content-Type" : "application/json"
  }
}

Response:
HTTP/1.1 200
Content-Type: [application/json]

{"id":"PWWe3w1SDU","name":"Amazing Burger!","price":999,"promotions":[{"id":"ZRAwbsO2qM","type":"BUY_X_GET_Y_FREE","required_qty":2,"free_qty":1}]}

2024-12-30 20:56:15.290 Request received:
127.0.0.1 - GET /products

Accept: [application/json, application/yaml, application/*+json]
Connection: [Upgrade, HTTP2-Settings]
User-Agent: [Java-http-client/23.0.1]
Host: [localhost:8082]
HTTP2-Settings: [AAEAAEAAAAIAAAAAAAMAAAAAAAQBAAAAAAUAAEAAAAYABgAA]
Content-Length: [0]
Upgrade: [h2c]



Matched response definition:
{
  "status" : 200,
  "body" : "[{\"id\":\"Dwt5F7KAhi\",\"name\":\"Amazing Pizza!\",\"price\":1099},{\"id\":\"PWWe3w1SDU\",\"name\":\"Amazing Burger!\",\"price\":999},{\"id\":\"C8GDyLrHJb\",\"name\":\"Amazing Salad!\",\"price\":499},{\"id\":\"4MB7UfpTQs\",\"name\":\"Boring Fries!\",\"price\":199}]",
  "headers" : {
    "Content-Type" : "application/json"
  }
}

Response:
HTTP/1.1 200
Content-Type: [application/json]

[{"id":"Dwt5F7KAhi","name":"Amazing Pizza!","price":1099},{"id":"PWWe3w1SDU","name":"Amazing Burger!","price":999},{"id":"C8GDyLrHJb","name":"Amazing Salad!","price":499},{"id":"4MB7UfpTQs","name":"Boring Fries!","price":199}]

2024-12-30 20:56:15.406 Request received:
127.0.0.1 - GET /products/PWWe3w1SDU

Accept: [application/json, application/yaml, application/*+json]
Connection: [Upgrade, HTTP2-Settings]
User-Agent: [Java-http-client/23.0.1]
Host: [localhost:8082]
HTTP2-Settings: [AAEAAEAAAAIAAAAAAAMAAAAAAAQBAAAAAAUAAEAAAAYABgAA]
Content-Length: [0]
Upgrade: [h2c]



Matched response definition:
{
  "status" : 200,
  "body" : "{\"id\":\"PWWe3w1SDU\",\"name\":\"Amazing Burger!\",\"price\":999,\"promotions\":[{\"id\":\"ZRAwbsO2qM\",\"type\":\"BUY_X_GET_Y_FREE\",\"required_qty\":2,\"free_qty\":1}]}",
  "headers" : {
    "Content-Type" : "application/json"
  }
}

Response:
HTTP/1.1 200
Content-Type: [application/json]

{"id":"PWWe3w1SDU","name":"Amazing Burger!","price":999,"promotions":[{"id":"ZRAwbsO2qM","type":"BUY_X_GET_Y_FREE","required_qty":2,"free_qty":1}]}

2024-12-30 20:56:15.431 Request received:
127.0.0.1 - GET /products/PWWe3w1SDU

Accept: [application/json, application/yaml, application/*+json]
Connection: [Upgrade, HTTP2-Settings]
User-Agent: [Java-http-client/23.0.1]
Host: [localhost:8082]
HTTP2-Settings: [AAEAAEAAAAIAAAAAAAMAAAAAAAQBAAAAAAUAAEAAAAYABgAA]
Content-Length: [0]
Upgrade: [h2c]



Matched response definition:
{
  "status" : 200,
  "body" : "{\"id\":\"PWWe3w1SDU\",\"name\":\"Amazing Burger!\",\"price\":999,\"promotions\":[{\"id\":\"ZRAwbsO2qM\",\"type\":\"BUY_X_GET_Y_FREE\",\"required_qty\":2,\"free_qty\":1}]}",
  "headers" : {
    "Content-Type" : "application/json"
  }
}

Response:
HTTP/1.1 200
Content-Type: [application/json]

{"id":"PWWe3w1SDU","name":"Amazing Burger!","price":999,"promotions":[{"id":"ZRAwbsO2qM","type":"BUY_X_GET_Y_FREE","required_qty":2,"free_qty":1}]}

2024-12-30 20:56:15.439 Request received:
127.0.0.1 - GET /products/PWWe3w1SDU

Accept: [application/json, application/yaml, application/*+json]
Connection: [Upgrade, HTTP2-Settings]
User-Agent: [Java-http-client/23.0.1]
Host: [localhost:8082]
HTTP2-Settings: [AAEAAEAAAAIAAAAAAAMAAAAAAAQBAAAAAAUAAEAAAAYABgAA]
Content-Length: [0]
Upgrade: [h2c]



Matched response definition:
{
  "status" : 200,
  "body" : "{\"id\":\"PWWe3w1SDU\",\"name\":\"Amazing Burger!\",\"price\":999,\"promotions\":[{\"id\":\"ZRAwbsO2qM\",\"type\":\"BUY_X_GET_Y_FREE\",\"required_qty\":2,\"free_qty\":1}]}",
  "headers" : {
    "Content-Type" : "application/json"
  }
}

Response:
HTTP/1.1 200
Content-Type: [application/json]

{"id":"PWWe3w1SDU","name":"Amazing Burger!","price":999,"promotions":[{"id":"ZRAwbsO2qM","type":"BUY_X_GET_Y_FREE","required_qty":2,"free_qty":1}]}

2024-12-30 21:22:06.733 Request received:
127.0.0.1 - GET /products

Accept: [application/json, application/yaml, application/*+json]
Connection: [Upgrade, HTTP2-Settings]
User-Agent: [Java-http-client/23.0.1]
Host: [localhost:8082]
HTTP2-Settings: [AAEAAEAAAAIAAAAAAAMAAAAAAAQBAAAAAAUAAEAAAAYABgAA]
Content-Length: [0]
Upgrade: [h2c]



Matched response definition:
{
  "status" : 200,
  "body" : "[{\"id\":\"Dwt5F7KAhi\",\"name\":\"Amazing Pizza!\",\"price\":1099},{\"id\":\"PWWe3w1SDU\",\"name\":\"Amazing Burger!\",\"price\":999},{\"id\":\"C8GDyLrHJb\",\"name\":\"Amazing Salad!\",\"price\":499},{\"id\":\"4MB7UfpTQs\",\"name\":\"Boring Fries!\",\"price\":199}]",
  "headers" : {
    "Content-Type" : "application/json"
  }
}

Response:
HTTP/1.1 200
Content-Type: [application/json]

[{"id":"Dwt5F7KAhi","name":"Amazing Pizza!","price":1099},{"id":"PWWe3w1SDU","name":"Amazing Burger!","price":999},{"id":"C8GDyLrHJb","name":"Amazing Salad!","price":499},{"id":"4MB7UfpTQs","name":"Boring Fries!","price":199}]

2024-12-30 21:22:07.673 Request received:
127.0.0.1 - GET /products

Accept: [application/json, application/yaml, application/*+json]
Connection: [Upgrade, HTTP2-Settings]
User-Agent: [Java-http-client/23.0.1]
Host: [localhost:8082]
HTTP2-Settings: [AAEAAEAAAAIAAAAAAAMAAAAAAAQBAAAAAAUAAEAAAAYABgAA]
Content-Length: [0]
Upgrade: [h2c]



Matched response definition:
{
  "status" : 200,
  "body" : "[{\"id\":\"Dwt5F7KAhi\",\"name\":\"Amazing Pizza!\",\"price\":1099},{\"id\":\"PWWe3w1SDU\",\"name\":\"Amazing Burger!\",\"price\":999},{\"id\":\"C8GDyLrHJb\",\"name\":\"Amazing Salad!\",\"price\":499},{\"id\":\"4MB7UfpTQs\",\"name\":\"Boring Fries!\",\"price\":199}]",
  "headers" : {
    "Content-Type" : "application/json"
  }
}

Response:
HTTP/1.1 200
Content-Type: [application/json]

[{"id":"Dwt5F7KAhi","name":"Amazing Pizza!","price":1099},{"id":"PWWe3w1SDU","name":"Amazing Burger!","price":999},{"id":"C8GDyLrHJb","name":"Amazing Salad!","price":499},{"id":"4MB7UfpTQs","name":"Boring Fries!","price":199}]

2024-12-30 21:22:08.805 Request received:
127.0.0.1 - GET /products

Accept: [application/json, application/yaml, application/*+json]
Connection: [Upgrade, HTTP2-Settings]
User-Agent: [Java-http-client/23.0.1]
Host: [localhost:8082]
HTTP2-Settings: [AAEAAEAAAAIAAAAAAAMAAAAAAAQBAAAAAAUAAEAAAAYABgAA]
Content-Length: [0]
Upgrade: [h2c]



Matched response definition:
{
  "status" : 200,
  "body" : "[{\"id\":\"Dwt5F7KAhi\",\"name\":\"Amazing Pizza!\",\"price\":1099},{\"id\":\"PWWe3w1SDU\",\"name\":\"Amazing Burger!\",\"price\":999},{\"id\":\"C8GDyLrHJb\",\"name\":\"Amazing Salad!\",\"price\":499},{\"id\":\"4MB7UfpTQs\",\"name\":\"Boring Fries!\",\"price\":199}]",
  "headers" : {
    "Content-Type" : "application/json"
  }
}

Response:
HTTP/1.1 200
Content-Type: [application/json]

[{"id":"Dwt5F7KAhi","name":"Amazing Pizza!","price":1099},{"id":"PWWe3w1SDU","name":"Amazing Burger!","price":999},{"id":"C8GDyLrHJb","name":"Amazing Salad!","price":499},{"id":"4MB7UfpTQs","name":"Boring Fries!","price":199}]

2024-12-30 21:22:19.626 Request received:
127.0.0.1 - GET /products/PWWe3w1SDU

Accept: [application/json, application/yaml, application/*+json]
Connection: [Upgrade, HTTP2-Settings]
User-Agent: [Java-http-client/23.0.1]
Host: [localhost:8082]
HTTP2-Settings: [AAEAAEAAAAIAAAAAAAMAAAAAAAQBAAAAAAUAAEAAAAYABgAA]
Content-Length: [0]
Upgrade: [h2c]



Matched response definition:
{
  "status" : 200,
  "body" : "{\"id\":\"PWWe3w1SDU\",\"name\":\"Amazing Burger!\",\"price\":999,\"promotions\":[{\"id\":\"ZRAwbsO2qM\",\"type\":\"BUY_X_GET_Y_FREE\",\"required_qty\":2,\"free_qty\":1}]}",
  "headers" : {
    "Content-Type" : "application/json"
  }
}

Response:
HTTP/1.1 200
Content-Type: [application/json]

{"id":"PWWe3w1SDU","name":"Amazing Burger!","price":999,"promotions":[{"id":"ZRAwbsO2qM","type":"BUY_X_GET_Y_FREE","required_qty":2,"free_qty":1}]}

2024-12-30 21:22:19.663 Request received:
127.0.0.1 - GET /products/PWWe3w1SDU

Accept: [application/json, application/yaml, application/*+json]
Connection: [Upgrade, HTTP2-Settings]
User-Agent: [Java-http-client/23.0.1]
Host: [localhost:8082]
HTTP2-Settings: [AAEAAEAAAAIAAAAAAAMAAAAAAAQBAAAAAAUAAEAAAAYABgAA]
Content-Length: [0]
Upgrade: [h2c]



Matched response definition:
{
  "status" : 200,
  "body" : "{\"id\":\"PWWe3w1SDU\",\"name\":\"Amazing Burger!\",\"price\":999,\"promotions\":[{\"id\":\"ZRAwbsO2qM\",\"type\":\"BUY_X_GET_Y_FREE\",\"required_qty\":2,\"free_qty\":1}]}",
  "headers" : {
    "Content-Type" : "application/json"
  }
}

Response:
HTTP/1.1 200
Content-Type: [application/json]

{"id":"PWWe3w1SDU","name":"Amazing Burger!","price":999,"promotions":[{"id":"ZRAwbsO2qM","type":"BUY_X_GET_Y_FREE","required_qty":2,"free_qty":1}]}

2024-12-30 21:22:19.677 Request received:
127.0.0.1 - GET /products/PWWe3w1SDU

Accept: [application/json, application/yaml, application/*+json]
Connection: [Upgrade, HTTP2-Settings]
User-Agent: [Java-http-client/23.0.1]
Host: [localhost:8082]
HTTP2-Settings: [AAEAAEAAAAIAAAAAAAMAAAAAAAQBAAAAAAUAAEAAAAYABgAA]
Content-Length: [0]
Upgrade: [h2c]



Matched response definition:
{
  "status" : 200,
  "body" : "{\"id\":\"PWWe3w1SDU\",\"name\":\"Amazing Burger!\",\"price\":999,\"promotions\":[{\"id\":\"ZRAwbsO2qM\",\"type\":\"BUY_X_GET_Y_FREE\",\"required_qty\":2,\"free_qty\":1}]}",
  "headers" : {
    "Content-Type" : "application/json"
  }
}

Response:
HTTP/1.1 200
Content-Type: [application/json]

{"id":"PWWe3w1SDU","name":"Amazing Burger!","price":999,"promotions":[{"id":"ZRAwbsO2qM","type":"BUY_X_GET_Y_FREE","required_qty":2,"free_qty":1}]}

2024-12-30 21:24:07.707 Request received:
127.0.0.1 - GET /products/PWWe3w1SDU

Accept: [application/json, application/yaml, application/*+json]
Connection: [Upgrade, HTTP2-Settings]
User-Agent: [Java-http-client/23.0.1]
Host: [localhost:8082]
HTTP2-Settings: [AAEAAEAAAAIAAAAAAAMAAAAAAAQBAAAAAAUAAEAAAAYABgAA]
Content-Length: [0]
Upgrade: [h2c]



Matched response definition:
{
  "status" : 200,
  "body" : "{\"id\":\"PWWe3w1SDU\",\"name\":\"Amazing Burger!\",\"price\":999,\"promotions\":[{\"id\":\"ZRAwbsO2qM\",\"type\":\"BUY_X_GET_Y_FREE\",\"required_qty\":2,\"free_qty\":1}]}",
  "headers" : {
    "Content-Type" : "application/json"
  }
}

Response:
HTTP/1.1 200
Content-Type: [application/json]

{"id":"PWWe3w1SDU","name":"Amazing Burger!","price":999,"promotions":[{"id":"ZRAwbsO2qM","type":"BUY_X_GET_Y_FREE","required_qty":2,"free_qty":1}]}

2024-12-30 21:24:07.768 Request received:
127.0.0.1 - GET /products/PWWe3w1SDU

Accept: [application/json, application/yaml, application/*+json]
Connection: [Upgrade, HTTP2-Settings]
User-Agent: [Java-http-client/23.0.1]
Host: [localhost:8082]
HTTP2-Settings: [AAEAAEAAAAIAAAAAAAMAAAAAAAQBAAAAAAUAAEAAAAYABgAA]
Content-Length: [0]
Upgrade: [h2c]



Matched response definition:
{
  "status" : 200,
  "body" : "{\"id\":\"PWWe3w1SDU\",\"name\":\"Amazing Burger!\",\"price\":999,\"promotions\":[{\"id\":\"ZRAwbsO2qM\",\"type\":\"BUY_X_GET_Y_FREE\",\"required_qty\":2,\"free_qty\":1}]}",
  "headers" : {
    "Content-Type" : "application/json"
  }
}

Response:
HTTP/1.1 200
Content-Type: [application/json]

{"id":"PWWe3w1SDU","name":"Amazing Burger!","price":999,"promotions":[{"id":"ZRAwbsO2qM","type":"BUY_X_GET_Y_FREE","required_qty":2,"free_qty":1}]}

2024-12-30 21:24:07.777 Request received:
127.0.0.1 - GET /products/PWWe3w1SDU

Accept: [application/json, application/yaml, application/*+json]
Connection: [Upgrade, HTTP2-Settings]
User-Agent: [Java-http-client/23.0.1]
Host: [localhost:8082]
HTTP2-Settings: [AAEAAEAAAAIAAAAAAAMAAAAAAAQBAAAAAAUAAEAAAAYABgAA]
Content-Length: [0]
Upgrade: [h2c]



Matched response definition:
{
  "status" : 200,
  "body" : "{\"id\":\"PWWe3w1SDU\",\"name\":\"Amazing Burger!\",\"price\":999,\"promotions\":[{\"id\":\"ZRAwbsO2qM\",\"type\":\"BUY_X_GET_Y_FREE\",\"required_qty\":2,\"free_qty\":1}]}",
  "headers" : {
    "Content-Type" : "application/json"
  }
}

Response:
HTTP/1.1 200
Content-Type: [application/json]

{"id":"PWWe3w1SDU","name":"Amazing Burger!","price":999,"promotions":[{"id":"ZRAwbsO2qM","type":"BUY_X_GET_Y_FREE","required_qty":2,"free_qty":1}]}

2024-12-30 21:38:17.006 Request received:
127.0.0.1 - GET /products/PWWe3w1SDU

Accept: [application/json, application/yaml, application/*+json]
Connection: [Upgrade, HTTP2-Settings]
User-Agent: [Java-http-client/23.0.1]
Host: [localhost:8082]
HTTP2-Settings: [AAEAAEAAAAIAAAAAAAMAAAAAAAQBAAAAAAUAAEAAAAYABgAA]
Content-Length: [0]
Upgrade: [h2c]



Matched response definition:
{
  "status" : 200,
  "body" : "{\"id\":\"PWWe3w1SDU\",\"name\":\"Amazing Burger!\",\"price\":999,\"promotions\":[{\"id\":\"ZRAwbsO2qM\",\"type\":\"BUY_X_GET_Y_FREE\",\"required_qty\":2,\"free_qty\":1}]}",
  "headers" : {
    "Content-Type" : "application/json"
  }
}

Response:
HTTP/1.1 200
Content-Type: [application/json]

{"id":"PWWe3w1SDU","name":"Amazing Burger!","price":999,"promotions":[{"id":"ZRAwbsO2qM","type":"BUY_X_GET_Y_FREE","required_qty":2,"free_qty":1}]}

2024-12-30 21:38:17.176 Request received:
127.0.0.1 - GET /products/PWWe3w1SDU

Accept: [application/json, application/yaml, application/*+json]
Connection: [Upgrade, HTTP2-Settings]
User-Agent: [Java-http-client/23.0.1]
Host: [localhost:8082]
HTTP2-Settings: [AAEAAEAAAAIAAAAAAAMAAAAAAAQBAAAAAAUAAEAAAAYABgAA]
Content-Length: [0]
Upgrade: [h2c]



Matched response definition:
{
  "status" : 200,
  "body" : "{\"id\":\"PWWe3w1SDU\",\"name\":\"Amazing Burger!\",\"price\":999,\"promotions\":[{\"id\":\"ZRAwbsO2qM\",\"type\":\"BUY_X_GET_Y_FREE\",\"required_qty\":2,\"free_qty\":1}]}",
  "headers" : {
    "Content-Type" : "application/json"
  }
}

Response:
HTTP/1.1 200
Content-Type: [application/json]

{"id":"PWWe3w1SDU","name":"Amazing Burger!","price":999,"promotions":[{"id":"ZRAwbsO2qM","type":"BUY_X_GET_Y_FREE","required_qty":2,"free_qty":1}]}

2024-12-30 21:38:17.202 Request received:
127.0.0.1 - GET /products/PWWe3w1SDU

Accept: [application/json, application/yaml, application/*+json]
Connection: [Upgrade, HTTP2-Settings]
User-Agent: [Java-http-client/23.0.1]
Host: [localhost:8082]
HTTP2-Settings: [AAEAAEAAAAIAAAAAAAMAAAAAAAQBAAAAAAUAAEAAAAYABgAA]
Content-Length: [0]
Upgrade: [h2c]



Matched response definition:
{
  "status" : 200,
  "body" : "{\"id\":\"PWWe3w1SDU\",\"name\":\"Amazing Burger!\",\"price\":999,\"promotions\":[{\"id\":\"ZRAwbsO2qM\",\"type\":\"BUY_X_GET_Y_FREE\",\"required_qty\":2,\"free_qty\":1}]}",
  "headers" : {
    "Content-Type" : "application/json"
  }
}

Response:
HTTP/1.1 200
Content-Type: [application/json]

{"id":"PWWe3w1SDU","name":"Amazing Burger!","price":999,"promotions":[{"id":"ZRAwbsO2qM","type":"BUY_X_GET_Y_FREE","required_qty":2,"free_qty":1}]}

2024-12-30 21:45:24.653 Request received:
127.0.0.1 - GET /products/PWWe3w1SDU

Accept: [application/json, application/yaml, application/*+json]
Connection: [Upgrade, HTTP2-Settings]
User-Agent: [Java-http-client/23.0.1]
Host: [localhost:8082]
HTTP2-Settings: [AAEAAEAAAAIAAAAAAAMAAAAAAAQBAAAAAAUAAEAAAAYABgAA]
Content-Length: [0]
Upgrade: [h2c]



Matched response definition:
{
  "status" : 200,
  "body" : "{\"id\":\"PWWe3w1SDU\",\"name\":\"Amazing Burger!\",\"price\":999,\"promotions\":[{\"id\":\"ZRAwbsO2qM\",\"type\":\"BUY_X_GET_Y_FREE\",\"required_qty\":2,\"free_qty\":1}]}",
  "headers" : {
    "Content-Type" : "application/json"
  }
}

Response:
HTTP/1.1 200
Content-Type: [application/json]

{"id":"PWWe3w1SDU","name":"Amazing Burger!","price":999,"promotions":[{"id":"ZRAwbsO2qM","type":"BUY_X_GET_Y_FREE","required_qty":2,"free_qty":1}]}

2024-12-30 21:45:24.708 Request received:
127.0.0.1 - GET /products/PWWe3w1SDU

Accept: [application/json, application/yaml, application/*+json]
Connection: [Upgrade, HTTP2-Settings]
User-Agent: [Java-http-client/23.0.1]
Host: [localhost:8082]
HTTP2-Settings: [AAEAAEAAAAIAAAAAAAMAAAAAAAQBAAAAAAUAAEAAAAYABgAA]
Content-Length: [0]
Upgrade: [h2c]



Matched response definition:
{
  "status" : 200,
  "body" : "{\"id\":\"PWWe3w1SDU\",\"name\":\"Amazing Burger!\",\"price\":999,\"promotions\":[{\"id\":\"ZRAwbsO2qM\",\"type\":\"BUY_X_GET_Y_FREE\",\"required_qty\":2,\"free_qty\":1}]}",
  "headers" : {
    "Content-Type" : "application/json"
  }
}

Response:
HTTP/1.1 200
Content-Type: [application/json]

{"id":"PWWe3w1SDU","name":"Amazing Burger!","price":999,"promotions":[{"id":"ZRAwbsO2qM","type":"BUY_X_GET_Y_FREE","required_qty":2,"free_qty":1}]}

2024-12-30 21:45:24.714 Request received:
127.0.0.1 - GET /products/PWWe3w1SDU

Accept: [application/json, application/yaml, application/*+json]
Connection: [Upgrade, HTTP2-Settings]
User-Agent: [Java-http-client/23.0.1]
Host: [localhost:8082]
HTTP2-Settings: [AAEAAEAAAAIAAAAAAAMAAAAAAAQBAAAAAAUAAEAAAAYABgAA]
Content-Length: [0]
Upgrade: [h2c]



Matched response definition:
{
  "status" : 200,
  "body" : "{\"id\":\"PWWe3w1SDU\",\"name\":\"Amazing Burger!\",\"price\":999,\"promotions\":[{\"id\":\"ZRAwbsO2qM\",\"type\":\"BUY_X_GET_Y_FREE\",\"required_qty\":2,\"free_qty\":1}]}",
  "headers" : {
    "Content-Type" : "application/json"
  }
}

Response:
HTTP/1.1 200
Content-Type: [application/json]

{"id":"PWWe3w1SDU","name":"Amazing Burger!","price":999,"promotions":[{"id":"ZRAwbsO2qM","type":"BUY_X_GET_Y_FREE","required_qty":2,"free_qty":1}]}

2024-12-30 21:47:01.542 Request received:
127.0.0.1 - GET /products/PWWe3w1SDU

Accept: [application/json, application/yaml, application/*+json]
Connection: [Upgrade, HTTP2-Settings]
User-Agent: [Java-http-client/23.0.1]
Host: [localhost:8082]
HTTP2-Settings: [AAEAAEAAAAIAAAAAAAMAAAAAAAQBAAAAAAUAAEAAAAYABgAA]
Content-Length: [0]
Upgrade: [h2c]



Matched response definition:
{
  "status" : 200,
  "body" : "{\"id\":\"PWWe3w1SDU\",\"name\":\"Amazing Burger!\",\"price\":999,\"promotions\":[{\"id\":\"ZRAwbsO2qM\",\"type\":\"BUY_X_GET_Y_FREE\",\"required_qty\":2,\"free_qty\":1}]}",
  "headers" : {
    "Content-Type" : "application/json"
  }
}

Response:
HTTP/1.1 200
Content-Type: [application/json]

{"id":"PWWe3w1SDU","name":"Amazing Burger!","price":999,"promotions":[{"id":"ZRAwbsO2qM","type":"BUY_X_GET_Y_FREE","required_qty":2,"free_qty":1}]}

2024-12-30 21:47:01.592 Request received:
127.0.0.1 - GET /products/PWWe3w1SDU

Accept: [application/json, application/yaml, application/*+json]
Connection: [Upgrade, HTTP2-Settings]
User-Agent: [Java-http-client/23.0.1]
Host: [localhost:8082]
HTTP2-Settings: [AAEAAEAAAAIAAAAAAAMAAAAAAAQBAAAAAAUAAEAAAAYABgAA]
Content-Length: [0]
Upgrade: [h2c]



Matched response definition:
{
  "status" : 200,
  "body" : "{\"id\":\"PWWe3w1SDU\",\"name\":\"Amazing Burger!\",\"price\":999,\"promotions\":[{\"id\":\"ZRAwbsO2qM\",\"type\":\"BUY_X_GET_Y_FREE\",\"required_qty\":2,\"free_qty\":1}]}",
  "headers" : {
    "Content-Type" : "application/json"
  }
}

Response:
HTTP/1.1 200
Content-Type: [application/json]

{"id":"PWWe3w1SDU","name":"Amazing Burger!","price":999,"promotions":[{"id":"ZRAwbsO2qM","type":"BUY_X_GET_Y_FREE","required_qty":2,"free_qty":1}]}

2024-12-30 21:47:01.596 Request received:
127.0.0.1 - GET /products/PWWe3w1SDU

Accept: [application/json, application/yaml, application/*+json]
Connection: [Upgrade, HTTP2-Settings]
User-Agent: [Java-http-client/23.0.1]
Host: [localhost:8082]
HTTP2-Settings: [AAEAAEAAAAIAAAAAAAMAAAAAAAQBAAAAAAUAAEAAAAYABgAA]
Content-Length: [0]
Upgrade: [h2c]



Matched response definition:
{
  "status" : 200,
  "body" : "{\"id\":\"PWWe3w1SDU\",\"name\":\"Amazing Burger!\",\"price\":999,\"promotions\":[{\"id\":\"ZRAwbsO2qM\",\"type\":\"BUY_X_GET_Y_FREE\",\"required_qty\":2,\"free_qty\":1}]}",
  "headers" : {
    "Content-Type" : "application/json"
  }
}

Response:
HTTP/1.1 200
Content-Type: [application/json]

{"id":"PWWe3w1SDU","name":"Amazing Burger!","price":999,"promotions":[{"id":"ZRAwbsO2qM","type":"BUY_X_GET_Y_FREE","required_qty":2,"free_qty":1}]}

2024-12-30 22:01:43.162 Request received:
127.0.0.1 - GET /products/PWWe3w1SDU

Accept: [application/json, application/yaml, application/*+json]
Connection: [Upgrade, HTTP2-Settings]
User-Agent: [Java-http-client/23.0.1]
Host: [localhost:8082]
HTTP2-Settings: [AAEAAEAAAAIAAAAAAAMAAAAAAAQBAAAAAAUAAEAAAAYABgAA]
Content-Length: [0]
Upgrade: [h2c]



Matched response definition:
{
  "status" : 200,
  "body" : "{\"id\":\"PWWe3w1SDU\",\"name\":\"Amazing Burger!\",\"price\":999,\"promotions\":[{\"id\":\"ZRAwbsO2qM\",\"type\":\"BUY_X_GET_Y_FREE\",\"required_qty\":2,\"free_qty\":1}]}",
  "headers" : {
    "Content-Type" : "application/json"
  }
}

Response:
HTTP/1.1 200
Content-Type: [application/json]

{"id":"PWWe3w1SDU","name":"Amazing Burger!","price":999,"promotions":[{"id":"ZRAwbsO2qM","type":"BUY_X_GET_Y_FREE","required_qty":2,"free_qty":1}]}

2024-12-30 22:01:43.204 Request received:
127.0.0.1 - GET /products/PWWe3w1SDU

Accept: [application/json, application/yaml, application/*+json]
Connection: [Upgrade, HTTP2-Settings]
User-Agent: [Java-http-client/23.0.1]
Host: [localhost:8082]
HTTP2-Settings: [AAEAAEAAAAIAAAAAAAMAAAAAAAQBAAAAAAUAAEAAAAYABgAA]
Content-Length: [0]
Upgrade: [h2c]



Matched response definition:
{
  "status" : 200,
  "body" : "{\"id\":\"PWWe3w1SDU\",\"name\":\"Amazing Burger!\",\"price\":999,\"promotions\":[{\"id\":\"ZRAwbsO2qM\",\"type\":\"BUY_X_GET_Y_FREE\",\"required_qty\":2,\"free_qty\":1}]}",
  "headers" : {
    "Content-Type" : "application/json"
  }
}

Response:
HTTP/1.1 200
Content-Type: [application/json]

{"id":"PWWe3w1SDU","name":"Amazing Burger!","price":999,"promotions":[{"id":"ZRAwbsO2qM","type":"BUY_X_GET_Y_FREE","required_qty":2,"free_qty":1}]}

2024-12-30 22:01:43.210 Request received:
127.0.0.1 - GET /products/PWWe3w1SDU

Accept: [application/json, application/yaml, application/*+json]
Connection: [Upgrade, HTTP2-Settings]
User-Agent: [Java-http-client/23.0.1]
Host: [localhost:8082]
HTTP2-Settings: [AAEAAEAAAAIAAAAAAAMAAAAAAAQBAAAAAAUAAEAAAAYABgAA]
Content-Length: [0]
Upgrade: [h2c]



Matched response definition:
{
  "status" : 200,
  "body" : "{\"id\":\"PWWe3w1SDU\",\"name\":\"Amazing Burger!\",\"price\":999,\"promotions\":[{\"id\":\"ZRAwbsO2qM\",\"type\":\"BUY_X_GET_Y_FREE\",\"required_qty\":2,\"free_qty\":1}]}",
  "headers" : {
    "Content-Type" : "application/json"
  }
}

Response:
HTTP/1.1 200
Content-Type: [application/json]

{"id":"PWWe3w1SDU","name":"Amazing Burger!","price":999,"promotions":[{"id":"ZRAwbsO2qM","type":"BUY_X_GET_Y_FREE","required_qty":2,"free_qty":1}]}

2024-12-30 22:01:48.562 Request received:
127.0.0.1 - GET /products/PWWe3w1SDU

Accept: [application/json, application/yaml, application/*+json]
Connection: [Upgrade, HTTP2-Settings]
User-Agent: [Java-http-client/23.0.1]
Host: [localhost:8082]
HTTP2-Settings: [AAEAAEAAAAIAAAAAAAMAAAAAAAQBAAAAAAUAAEAAAAYABgAA]
Content-Length: [0]
Upgrade: [h2c]



Matched response definition:
{
  "status" : 200,
  "body" : "{\"id\":\"PWWe3w1SDU\",\"name\":\"Amazing Burger!\",\"price\":999,\"promotions\":[{\"id\":\"ZRAwbsO2qM\",\"type\":\"BUY_X_GET_Y_FREE\",\"required_qty\":2,\"free_qty\":1}]}",
  "headers" : {
    "Content-Type" : "application/json"
  }
}

Response:
HTTP/1.1 200
Content-Type: [application/json]

{"id":"PWWe3w1SDU","name":"Amazing Burger!","price":999,"promotions":[{"id":"ZRAwbsO2qM","type":"BUY_X_GET_Y_FREE","required_qty":2,"free_qty":1}]}

2024-12-30 22:01:48.568 Request received:
127.0.0.1 - GET /products/PWWe3w1SDU

Accept: [application/json, application/yaml, application/*+json]
Connection: [Upgrade, HTTP2-Settings]
User-Agent: [Java-http-client/23.0.1]
Host: [localhost:8082]
HTTP2-Settings: [AAEAAEAAAAIAAAAAAAMAAAAAAAQBAAAAAAUAAEAAAAYABgAA]
Content-Length: [0]
Upgrade: [h2c]



Matched response definition:
{
  "status" : 200,
  "body" : "{\"id\":\"PWWe3w1SDU\",\"name\":\"Amazing Burger!\",\"price\":999,\"promotions\":[{\"id\":\"ZRAwbsO2qM\",\"type\":\"BUY_X_GET_Y_FREE\",\"required_qty\":2,\"free_qty\":1}]}",
  "headers" : {
    "Content-Type" : "application/json"
  }
}

Response:
HTTP/1.1 200
Content-Type: [application/json]

{"id":"PWWe3w1SDU","name":"Amazing Burger!","price":999,"promotions":[{"id":"ZRAwbsO2qM","type":"BUY_X_GET_Y_FREE","required_qty":2,"free_qty":1}]}

2024-12-30 22:01:48.573 Request received:
127.0.0.1 - GET /products/PWWe3w1SDU

Accept: [application/json, application/yaml, application/*+json]
Connection: [Upgrade, HTTP2-Settings]
User-Agent: [Java-http-client/23.0.1]
Host: [localhost:8082]
HTTP2-Settings: [AAEAAEAAAAIAAAAAAAMAAAAAAAQBAAAAAAUAAEAAAAYABgAA]
Content-Length: [0]
Upgrade: [h2c]



Matched response definition:
{
  "status" : 200,
  "body" : "{\"id\":\"PWWe3w1SDU\",\"name\":\"Amazing Burger!\",\"price\":999,\"promotions\":[{\"id\":\"ZRAwbsO2qM\",\"type\":\"BUY_X_GET_Y_FREE\",\"required_qty\":2,\"free_qty\":1}]}",
  "headers" : {
    "Content-Type" : "application/json"
  }
}

Response:
HTTP/1.1 200
Content-Type: [application/json]

{"id":"PWWe3w1SDU","name":"Amazing Burger!","price":999,"promotions":[{"id":"ZRAwbsO2qM","type":"BUY_X_GET_Y_FREE","required_qty":2,"free_qty":1}]}

2024-12-30 22:03:26.328 Request received:
127.0.0.1 - GET /products/PWWe3w1SDU

Accept: [application/json, application/yaml, application/*+json]
Connection: [Upgrade, HTTP2-Settings]
User-Agent: [Java-http-client/23.0.1]
Host: [localhost:8082]
HTTP2-Settings: [AAEAAEAAAAIAAAAAAAMAAAAAAAQBAAAAAAUAAEAAAAYABgAA]
Content-Length: [0]
Upgrade: [h2c]



Matched response definition:
{
  "status" : 200,
  "body" : "{\"id\":\"PWWe3w1SDU\",\"name\":\"Amazing Burger!\",\"price\":999,\"promotions\":[{\"id\":\"ZRAwbsO2qM\",\"type\":\"BUY_X_GET_Y_FREE\",\"required_qty\":2,\"free_qty\":1}]}",
  "headers" : {
    "Content-Type" : "application/json"
  }
}

Response:
HTTP/1.1 200
Content-Type: [application/json]

{"id":"PWWe3w1SDU","name":"Amazing Burger!","price":999,"promotions":[{"id":"ZRAwbsO2qM","type":"BUY_X_GET_Y_FREE","required_qty":2,"free_qty":1}]}

2024-12-30 22:03:26.413 Request received:
127.0.0.1 - GET /products/PWWe3w1SDU

Accept: [application/json, application/yaml, application/*+json]
Connection: [Upgrade, HTTP2-Settings]
User-Agent: [Java-http-client/23.0.1]
Host: [localhost:8082]
HTTP2-Settings: [AAEAAEAAAAIAAAAAAAMAAAAAAAQBAAAAAAUAAEAAAAYABgAA]
Content-Length: [0]
Upgrade: [h2c]



Matched response definition:
{
  "status" : 200,
  "body" : "{\"id\":\"PWWe3w1SDU\",\"name\":\"Amazing Burger!\",\"price\":999,\"promotions\":[{\"id\":\"ZRAwbsO2qM\",\"type\":\"BUY_X_GET_Y_FREE\",\"required_qty\":2,\"free_qty\":1}]}",
  "headers" : {
    "Content-Type" : "application/json"
  }
}

Response:
HTTP/1.1 200
Content-Type: [application/json]

{"id":"PWWe3w1SDU","name":"Amazing Burger!","price":999,"promotions":[{"id":"ZRAwbsO2qM","type":"BUY_X_GET_Y_FREE","required_qty":2,"free_qty":1}]}

2024-12-30 22:03:26.420 Request received:
127.0.0.1 - GET /products/PWWe3w1SDU

Accept: [application/json, application/yaml, application/*+json]
Connection: [Upgrade, HTTP2-Settings]
User-Agent: [Java-http-client/23.0.1]
Host: [localhost:8082]
HTTP2-Settings: [AAEAAEAAAAIAAAAAAAMAAAAAAAQBAAAAAAUAAEAAAAYABgAA]
Content-Length: [0]
Upgrade: [h2c]



Matched response definition:
{
  "status" : 200,
  "body" : "{\"id\":\"PWWe3w1SDU\",\"name\":\"Amazing Burger!\",\"price\":999,\"promotions\":[{\"id\":\"ZRAwbsO2qM\",\"type\":\"BUY_X_GET_Y_FREE\",\"required_qty\":2,\"free_qty\":1}]}",
  "headers" : {
    "Content-Type" : "application/json"
  }
}

Response:
HTTP/1.1 200
Content-Type: [application/json]

{"id":"PWWe3w1SDU","name":"Amazing Burger!","price":999,"promotions":[{"id":"ZRAwbsO2qM","type":"BUY_X_GET_Y_FREE","required_qty":2,"free_qty":1}]}

2024-12-30 22:11:48.672 Request received:
127.0.0.1 - GET /products/PWWe3w1SDU

Accept: [application/json, application/yaml, application/*+json]
Connection: [Upgrade, HTTP2-Settings]
User-Agent: [Java-http-client/23.0.1]
Host: [localhost:8082]
HTTP2-Settings: [AAEAAEAAAAIAAAAAAAMAAAAAAAQBAAAAAAUAAEAAAAYABgAA]
Content-Length: [0]
Upgrade: [h2c]



Matched response definition:
{
  "status" : 200,
  "body" : "{\"id\":\"PWWe3w1SDU\",\"name\":\"Amazing Burger!\",\"price\":999,\"promotions\":[{\"id\":\"ZRAwbsO2qM\",\"type\":\"BUY_X_GET_Y_FREE\",\"required_qty\":2,\"free_qty\":1}]}",
  "headers" : {
    "Content-Type" : "application/json"
  }
}

Response:
HTTP/1.1 200
Content-Type: [application/json]

{"id":"PWWe3w1SDU","name":"Amazing Burger!","price":999,"promotions":[{"id":"ZRAwbsO2qM","type":"BUY_X_GET_Y_FREE","required_qty":2,"free_qty":1}]}

2024-12-30 22:11:48.759 Request received:
127.0.0.1 - GET /products/PWWe3w1SDU

Accept: [application/json, application/yaml, application/*+json]
Connection: [Upgrade, HTTP2-Settings]
User-Agent: [Java-http-client/23.0.1]
Host: [localhost:8082]
HTTP2-Settings: [AAEAAEAAAAIAAAAAAAMAAAAAAAQBAAAAAAUAAEAAAAYABgAA]
Content-Length: [0]
Upgrade: [h2c]



Matched response definition:
{
  "status" : 200,
  "body" : "{\"id\":\"PWWe3w1SDU\",\"name\":\"Amazing Burger!\",\"price\":999,\"promotions\":[{\"id\":\"ZRAwbsO2qM\",\"type\":\"BUY_X_GET_Y_FREE\",\"required_qty\":2,\"free_qty\":1}]}",
  "headers" : {
    "Content-Type" : "application/json"
  }
}

Response:
HTTP/1.1 200
Content-Type: [application/json]

{"id":"PWWe3w1SDU","name":"Amazing Burger!","price":999,"promotions":[{"id":"ZRAwbsO2qM","type":"BUY_X_GET_Y_FREE","required_qty":2,"free_qty":1}]}

2024-12-30 22:11:48.769 Request received:
127.0.0.1 - GET /products/PWWe3w1SDU

Accept: [application/json, application/yaml, application/*+json]
Connection: [Upgrade, HTTP2-Settings]
User-Agent: [Java-http-client/23.0.1]
Host: [localhost:8082]
HTTP2-Settings: [AAEAAEAAAAIAAAAAAAMAAAAAAAQBAAAAAAUAAEAAAAYABgAA]
Content-Length: [0]
Upgrade: [h2c]



Matched response definition:
{
  "status" : 200,
  "body" : "{\"id\":\"PWWe3w1SDU\",\"name\":\"Amazing Burger!\",\"price\":999,\"promotions\":[{\"id\":\"ZRAwbsO2qM\",\"type\":\"BUY_X_GET_Y_FREE\",\"required_qty\":2,\"free_qty\":1}]}",
  "headers" : {
    "Content-Type" : "application/json"
  }
}

Response:
HTTP/1.1 200
Content-Type: [application/json]

{"id":"PWWe3w1SDU","name":"Amazing Burger!","price":999,"promotions":[{"id":"ZRAwbsO2qM","type":"BUY_X_GET_Y_FREE","required_qty":2,"free_qty":1}]}

2024-12-30 22:18:09.740 Request received:
127.0.0.1 - GET /products/PWWe3w1SDU

Accept: [application/json, application/yaml, application/*+json]
Connection: [Upgrade, HTTP2-Settings]
User-Agent: [Java-http-client/23.0.1]
Host: [localhost:8082]
HTTP2-Settings: [AAEAAEAAAAIAAAAAAAMAAAAAAAQBAAAAAAUAAEAAAAYABgAA]
Content-Length: [0]
Upgrade: [h2c]



Matched response definition:
{
  "status" : 200,
  "body" : "{\"id\":\"PWWe3w1SDU\",\"name\":\"Amazing Burger!\",\"price\":999,\"promotions\":[{\"id\":\"ZRAwbsO2qM\",\"type\":\"BUY_X_GET_Y_FREE\",\"required_qty\":2,\"free_qty\":1}]}",
  "headers" : {
    "Content-Type" : "application/json"
  }
}

Response:
HTTP/1.1 200
Content-Type: [application/json]

{"id":"PWWe3w1SDU","name":"Amazing Burger!","price":999,"promotions":[{"id":"ZRAwbsO2qM","type":"BUY_X_GET_Y_FREE","required_qty":2,"free_qty":1}]}

2024-12-30 22:18:09.843 Request received:
127.0.0.1 - GET /products/PWWe3w1SDU

Accept: [application/json, application/yaml, application/*+json]
Connection: [Upgrade, HTTP2-Settings]
User-Agent: [Java-http-client/23.0.1]
Host: [localhost:8082]
HTTP2-Settings: [AAEAAEAAAAIAAAAAAAMAAAAAAAQBAAAAAAUAAEAAAAYABgAA]
Content-Length: [0]
Upgrade: [h2c]



Matched response definition:
{
  "status" : 200,
  "body" : "{\"id\":\"PWWe3w1SDU\",\"name\":\"Amazing Burger!\",\"price\":999,\"promotions\":[{\"id\":\"ZRAwbsO2qM\",\"type\":\"BUY_X_GET_Y_FREE\",\"required_qty\":2,\"free_qty\":1}]}",
  "headers" : {
    "Content-Type" : "application/json"
  }
}

Response:
HTTP/1.1 200
Content-Type: [application/json]

{"id":"PWWe3w1SDU","name":"Amazing Burger!","price":999,"promotions":[{"id":"ZRAwbsO2qM","type":"BUY_X_GET_Y_FREE","required_qty":2,"free_qty":1}]}

2024-12-30 22:18:09.858 Request received:
127.0.0.1 - GET /products/PWWe3w1SDU

Accept: [application/json, application/yaml, application/*+json]
Connection: [Upgrade, HTTP2-Settings]
User-Agent: [Java-http-client/23.0.1]
Host: [localhost:8082]
HTTP2-Settings: [AAEAAEAAAAIAAAAAAAMAAAAAAAQBAAAAAAUAAEAAAAYABgAA]
Content-Length: [0]
Upgrade: [h2c]



Matched response definition:
{
  "status" : 200,
  "body" : "{\"id\":\"PWWe3w1SDU\",\"name\":\"Amazing Burger!\",\"price\":999,\"promotions\":[{\"id\":\"ZRAwbsO2qM\",\"type\":\"BUY_X_GET_Y_FREE\",\"required_qty\":2,\"free_qty\":1}]}",
  "headers" : {
    "Content-Type" : "application/json"
  }
}

Response:
HTTP/1.1 200
Content-Type: [application/json]

{"id":"PWWe3w1SDU","name":"Amazing Burger!","price":999,"promotions":[{"id":"ZRAwbsO2qM","type":"BUY_X_GET_Y_FREE","required_qty":2,"free_qty":1}]}

2024-12-30 22:18:17.976 Request received:
127.0.0.1 - GET /products

Accept: [application/json, application/yaml, application/*+json]
Connection: [Upgrade, HTTP2-Settings]
User-Agent: [Java-http-client/23.0.1]
Host: [localhost:8082]
HTTP2-Settings: [AAEAAEAAAAIAAAAAAAMAAAAAAAQBAAAAAAUAAEAAAAYABgAA]
Content-Length: [0]
Upgrade: [h2c]



Matched response definition:
{
  "status" : 200,
  "body" : "[{\"id\":\"Dwt5F7KAhi\",\"name\":\"Amazing Pizza!\",\"price\":1099},{\"id\":\"PWWe3w1SDU\",\"name\":\"Amazing Burger!\",\"price\":999},{\"id\":\"C8GDyLrHJb\",\"name\":\"Amazing Salad!\",\"price\":499},{\"id\":\"4MB7UfpTQs\",\"name\":\"Boring Fries!\",\"price\":199}]",
  "headers" : {
    "Content-Type" : "application/json"
  }
}

Response:
HTTP/1.1 200
Content-Type: [application/json]

[{"id":"Dwt5F7KAhi","name":"Amazing Pizza!","price":1099},{"id":"PWWe3w1SDU","name":"Amazing Burger!","price":999},{"id":"C8GDyLrHJb","name":"Amazing Salad!","price":499},{"id":"4MB7UfpTQs","name":"Boring Fries!","price":199}]

2024-12-30 22:18:17.991 Request received:
127.0.0.1 - GET /products/PWWe3w1SDU

Accept: [application/json, application/yaml, application/*+json]
Connection: [Upgrade, HTTP2-Settings]
User-Agent: [Java-http-client/23.0.1]
Host: [localhost:8082]
HTTP2-Settings: [AAEAAEAAAAIAAAAAAAMAAAAAAAQBAAAAAAUAAEAAAAYABgAA]
Content-Length: [0]
Upgrade: [h2c]



Matched response definition:
{
  "status" : 200,
  "body" : "{\"id\":\"PWWe3w1SDU\",\"name\":\"Amazing Burger!\",\"price\":999,\"promotions\":[{\"id\":\"ZRAwbsO2qM\",\"type\":\"BUY_X_GET_Y_FREE\",\"required_qty\":2,\"free_qty\":1}]}",
  "headers" : {
    "Content-Type" : "application/json"
  }
}

Response:
HTTP/1.1 200
Content-Type: [application/json]

{"id":"PWWe3w1SDU","name":"Amazing Burger!","price":999,"promotions":[{"id":"ZRAwbsO2qM","type":"BUY_X_GET_Y_FREE","required_qty":2,"free_qty":1}]}

2024-12-30 22:18:18.000 Request received:
127.0.0.1 - GET /products/PWWe3w1SDU

Accept: [application/json, application/yaml, application/*+json]
Connection: [Upgrade, HTTP2-Settings]
User-Agent: [Java-http-client/23.0.1]
Host: [localhost:8082]
HTTP2-Settings: [AAEAAEAAAAIAAAAAAAMAAAAAAAQBAAAAAAUAAEAAAAYABgAA]
Content-Length: [0]
Upgrade: [h2c]



Matched response definition:
{
  "status" : 200,
  "body" : "{\"id\":\"PWWe3w1SDU\",\"name\":\"Amazing Burger!\",\"price\":999,\"promotions\":[{\"id\":\"ZRAwbsO2qM\",\"type\":\"BUY_X_GET_Y_FREE\",\"required_qty\":2,\"free_qty\":1}]}",
  "headers" : {
    "Content-Type" : "application/json"
  }
}

Response:
HTTP/1.1 200
Content-Type: [application/json]

{"id":"PWWe3w1SDU","name":"Amazing Burger!","price":999,"promotions":[{"id":"ZRAwbsO2qM","type":"BUY_X_GET_Y_FREE","required_qty":2,"free_qty":1}]}

2024-12-30 22:18:18.006 Request received:
127.0.0.1 - GET /products/PWWe3w1SDU

Accept: [application/json, application/yaml, application/*+json]
Connection: [Upgrade, HTTP2-Settings]
User-Agent: [Java-http-client/23.0.1]
Host: [localhost:8082]
HTTP2-Settings: [AAEAAEAAAAIAAAAAAAMAAAAAAAQBAAAAAAUAAEAAAAYABgAA]
Content-Length: [0]
Upgrade: [h2c]



Matched response definition:
{
  "status" : 200,
  "body" : "{\"id\":\"PWWe3w1SDU\",\"name\":\"Amazing Burger!\",\"price\":999,\"promotions\":[{\"id\":\"ZRAwbsO2qM\",\"type\":\"BUY_X_GET_Y_FREE\",\"required_qty\":2,\"free_qty\":1}]}",
  "headers" : {
    "Content-Type" : "application/json"
  }
}

Response:
HTTP/1.1 200
Content-Type: [application/json]

{"id":"PWWe3w1SDU","name":"Amazing Burger!","price":999,"promotions":[{"id":"ZRAwbsO2qM","type":"BUY_X_GET_Y_FREE","required_qty":2,"free_qty":1}]}

2024-12-30 22:20:03.056 Request received:
127.0.0.1 - GET /products

Accept: [application/json, application/yaml, application/*+json]
Connection: [Upgrade, HTTP2-Settings]
User-Agent: [Java-http-client/23.0.1]
Host: [localhost:8082]
HTTP2-Settings: [AAEAAEAAAAIAAAAAAAMAAAAAAAQBAAAAAAUAAEAAAAYABgAA]
Content-Length: [0]
Upgrade: [h2c]



Matched response definition:
{
  "status" : 200,
  "body" : "[{\"id\":\"Dwt5F7KAhi\",\"name\":\"Amazing Pizza!\",\"price\":1099},{\"id\":\"PWWe3w1SDU\",\"name\":\"Amazing Burger!\",\"price\":999},{\"id\":\"C8GDyLrHJb\",\"name\":\"Amazing Salad!\",\"price\":499},{\"id\":\"4MB7UfpTQs\",\"name\":\"Boring Fries!\",\"price\":199}]",
  "headers" : {
    "Content-Type" : "application/json"
  }
}

Response:
HTTP/1.1 200
Content-Type: [application/json]

[{"id":"Dwt5F7KAhi","name":"Amazing Pizza!","price":1099},{"id":"PWWe3w1SDU","name":"Amazing Burger!","price":999},{"id":"C8GDyLrHJb","name":"Amazing Salad!","price":499},{"id":"4MB7UfpTQs","name":"Boring Fries!","price":199}]

2024-12-30 22:20:03.744 Request received:
127.0.0.1 - GET /products

Accept: [application/json, application/yaml, application/*+json]
Connection: [Upgrade, HTTP2-Settings]
User-Agent: [Java-http-client/23.0.1]
Host: [localhost:8082]
HTTP2-Settings: [AAEAAEAAAAIAAAAAAAMAAAAAAAQBAAAAAAUAAEAAAAYABgAA]
Content-Length: [0]
Upgrade: [h2c]



Matched response definition:
{
  "status" : 200,
  "body" : "[{\"id\":\"Dwt5F7KAhi\",\"name\":\"Amazing Pizza!\",\"price\":1099},{\"id\":\"PWWe3w1SDU\",\"name\":\"Amazing Burger!\",\"price\":999},{\"id\":\"C8GDyLrHJb\",\"name\":\"Amazing Salad!\",\"price\":499},{\"id\":\"4MB7UfpTQs\",\"name\":\"Boring Fries!\",\"price\":199}]",
  "headers" : {
    "Content-Type" : "application/json"
  }
}

Response:
HTTP/1.1 200
Content-Type: [application/json]

[{"id":"Dwt5F7KAhi","name":"Amazing Pizza!","price":1099},{"id":"PWWe3w1SDU","name":"Amazing Burger!","price":999},{"id":"C8GDyLrHJb","name":"Amazing Salad!","price":499},{"id":"4MB7UfpTQs","name":"Boring Fries!","price":199}]

2024-12-30 22:20:04.407 Request received:
127.0.0.1 - GET /products

Accept: [application/json, application/yaml, application/*+json]
Connection: [Upgrade, HTTP2-Settings]
User-Agent: [Java-http-client/23.0.1]
Host: [localhost:8082]
HTTP2-Settings: [AAEAAEAAAAIAAAAAAAMAAAAAAAQBAAAAAAUAAEAAAAYABgAA]
Content-Length: [0]
Upgrade: [h2c]



Matched response definition:
{
  "status" : 200,
  "body" : "[{\"id\":\"Dwt5F7KAhi\",\"name\":\"Amazing Pizza!\",\"price\":1099},{\"id\":\"PWWe3w1SDU\",\"name\":\"Amazing Burger!\",\"price\":999},{\"id\":\"C8GDyLrHJb\",\"name\":\"Amazing Salad!\",\"price\":499},{\"id\":\"4MB7UfpTQs\",\"name\":\"Boring Fries!\",\"price\":199}]",
  "headers" : {
    "Content-Type" : "application/json"
  }
}

Response:
HTTP/1.1 200
Content-Type: [application/json]

[{"id":"Dwt5F7KAhi","name":"Amazing Pizza!","price":1099},{"id":"PWWe3w1SDU","name":"Amazing Burger!","price":999},{"id":"C8GDyLrHJb","name":"Amazing Salad!","price":499},{"id":"4MB7UfpTQs","name":"Boring Fries!","price":199}]

2024-12-30 22:20:22.491 Request received:
127.0.0.1 - GET /products/PWWe3w1SDU

Accept: [application/json, application/yaml, application/*+json]
Connection: [Upgrade, HTTP2-Settings]
User-Agent: [Java-http-client/23.0.1]
Host: [localhost:8082]
HTTP2-Settings: [AAEAAEAAAAIAAAAAAAMAAAAAAAQBAAAAAAUAAEAAAAYABgAA]
Content-Length: [0]
Upgrade: [h2c]



Matched response definition:
{
  "status" : 200,
  "body" : "{\"id\":\"PWWe3w1SDU\",\"name\":\"Amazing Burger!\",\"price\":999,\"promotions\":[{\"id\":\"ZRAwbsO2qM\",\"type\":\"BUY_X_GET_Y_FREE\",\"required_qty\":2,\"free_qty\":1}]}",
  "headers" : {
    "Content-Type" : "application/json"
  }
}

Response:
HTTP/1.1 200
Content-Type: [application/json]

{"id":"PWWe3w1SDU","name":"Amazing Burger!","price":999,"promotions":[{"id":"ZRAwbsO2qM","type":"BUY_X_GET_Y_FREE","required_qty":2,"free_qty":1}]}

2024-12-30 22:20:22.515 Request received:
127.0.0.1 - GET /products/PWWe3w1SDU

Accept: [application/json, application/yaml, application/*+json]
Connection: [Upgrade, HTTP2-Settings]
User-Agent: [Java-http-client/23.0.1]
Host: [localhost:8082]
HTTP2-Settings: [AAEAAEAAAAIAAAAAAAMAAAAAAAQBAAAAAAUAAEAAAAYABgAA]
Content-Length: [0]
Upgrade: [h2c]



Matched response definition:
{
  "status" : 200,
  "body" : "{\"id\":\"PWWe3w1SDU\",\"name\":\"Amazing Burger!\",\"price\":999,\"promotions\":[{\"id\":\"ZRAwbsO2qM\",\"type\":\"BUY_X_GET_Y_FREE\",\"required_qty\":2,\"free_qty\":1}]}",
  "headers" : {
    "Content-Type" : "application/json"
  }
}

Response:
HTTP/1.1 200
Content-Type: [application/json]

{"id":"PWWe3w1SDU","name":"Amazing Burger!","price":999,"promotions":[{"id":"ZRAwbsO2qM","type":"BUY_X_GET_Y_FREE","required_qty":2,"free_qty":1}]}

2024-12-30 22:20:22.522 Request received:
127.0.0.1 - GET /products/PWWe3w1SDU

Accept: [application/json, application/yaml, application/*+json]
Connection: [Upgrade, HTTP2-Settings]
User-Agent: [Java-http-client/23.0.1]
Host: [localhost:8082]
HTTP2-Settings: [AAEAAEAAAAIAAAAAAAMAAAAAAAQBAAAAAAUAAEAAAAYABgAA]
Content-Length: [0]
Upgrade: [h2c]



Matched response definition:
{
  "status" : 200,
  "body" : "{\"id\":\"PWWe3w1SDU\",\"name\":\"Amazing Burger!\",\"price\":999,\"promotions\":[{\"id\":\"ZRAwbsO2qM\",\"type\":\"BUY_X_GET_Y_FREE\",\"required_qty\":2,\"free_qty\":1}]}",
  "headers" : {
    "Content-Type" : "application/json"
  }
}

Response:
HTTP/1.1 200
Content-Type: [application/json]

{"id":"PWWe3w1SDU","name":"Amazing Burger!","price":999,"promotions":[{"id":"ZRAwbsO2qM","type":"BUY_X_GET_Y_FREE","required_qty":2,"free_qty":1}]}

2024-12-30 22:22:08.842 Request received:
127.0.0.1 - GET /products

Accept: [application/json, application/yaml, application/*+json]
Connection: [Upgrade, HTTP2-Settings]
User-Agent: [Java-http-client/23.0.1]
Host: [localhost:8082]
HTTP2-Settings: [AAEAAEAAAAIAAAAAAAMAAAAAAAQBAAAAAAUAAEAAAAYABgAA]
Content-Length: [0]
Upgrade: [h2c]



Matched response definition:
{
  "status" : 200,
  "body" : "[{\"id\":\"Dwt5F7KAhi\",\"name\":\"Amazing Pizza!\",\"price\":1099},{\"id\":\"PWWe3w1SDU\",\"name\":\"Amazing Burger!\",\"price\":999},{\"id\":\"C8GDyLrHJb\",\"name\":\"Amazing Salad!\",\"price\":499},{\"id\":\"4MB7UfpTQs\",\"name\":\"Boring Fries!\",\"price\":199}]",
  "headers" : {
    "Content-Type" : "application/json"
  }
}

Response:
HTTP/1.1 200
Content-Type: [application/json]

[{"id":"Dwt5F7KAhi","name":"Amazing Pizza!","price":1099},{"id":"PWWe3w1SDU","name":"Amazing Burger!","price":999},{"id":"C8GDyLrHJb","name":"Amazing Salad!","price":499},{"id":"4MB7UfpTQs","name":"Boring Fries!","price":199}]

2024-12-30 22:22:08.853 Request received:
127.0.0.1 - GET /products/PWWe3w1SDU

Accept: [application/json, application/yaml, application/*+json]
Connection: [Upgrade, HTTP2-Settings]
User-Agent: [Java-http-client/23.0.1]
Host: [localhost:8082]
HTTP2-Settings: [AAEAAEAAAAIAAAAAAAMAAAAAAAQBAAAAAAUAAEAAAAYABgAA]
Content-Length: [0]
Upgrade: [h2c]



Matched response definition:
{
  "status" : 200,
  "body" : "{\"id\":\"PWWe3w1SDU\",\"name\":\"Amazing Burger!\",\"price\":999,\"promotions\":[{\"id\":\"ZRAwbsO2qM\",\"type\":\"BUY_X_GET_Y_FREE\",\"required_qty\":2,\"free_qty\":1}]}",
  "headers" : {
    "Content-Type" : "application/json"
  }
}

Response:
HTTP/1.1 200
Content-Type: [application/json]

{"id":"PWWe3w1SDU","name":"Amazing Burger!","price":999,"promotions":[{"id":"ZRAwbsO2qM","type":"BUY_X_GET_Y_FREE","required_qty":2,"free_qty":1}]}

2024-12-30 22:22:08.859 Request received:
127.0.0.1 - GET /products/PWWe3w1SDU

Accept: [application/json, application/yaml, application/*+json]
Connection: [Upgrade, HTTP2-Settings]
User-Agent: [Java-http-client/23.0.1]
Host: [localhost:8082]
HTTP2-Settings: [AAEAAEAAAAIAAAAAAAMAAAAAAAQBAAAAAAUAAEAAAAYABgAA]
Content-Length: [0]
Upgrade: [h2c]



Matched response definition:
{
  "status" : 200,
  "body" : "{\"id\":\"PWWe3w1SDU\",\"name\":\"Amazing Burger!\",\"price\":999,\"promotions\":[{\"id\":\"ZRAwbsO2qM\",\"type\":\"BUY_X_GET_Y_FREE\",\"required_qty\":2,\"free_qty\":1}]}",
  "headers" : {
    "Content-Type" : "application/json"
  }
}

Response:
HTTP/1.1 200
Content-Type: [application/json]

{"id":"PWWe3w1SDU","name":"Amazing Burger!","price":999,"promotions":[{"id":"ZRAwbsO2qM","type":"BUY_X_GET_Y_FREE","required_qty":2,"free_qty":1}]}

2024-12-30 22:22:08.866 Request received:
127.0.0.1 - GET /products/PWWe3w1SDU

Accept: [application/json, application/yaml, application/*+json]
Connection: [Upgrade, HTTP2-Settings]
User-Agent: [Java-http-client/23.0.1]
Host: [localhost:8082]
HTTP2-Settings: [AAEAAEAAAAIAAAAAAAMAAAAAAAQBAAAAAAUAAEAAAAYABgAA]
Content-Length: [0]
Upgrade: [h2c]



Matched response definition:
{
  "status" : 200,
  "body" : "{\"id\":\"PWWe3w1SDU\",\"name\":\"Amazing Burger!\",\"price\":999,\"promotions\":[{\"id\":\"ZRAwbsO2qM\",\"type\":\"BUY_X_GET_Y_FREE\",\"required_qty\":2,\"free_qty\":1}]}",
  "headers" : {
    "Content-Type" : "application/json"
  }
}

Response:
HTTP/1.1 200
Content-Type: [application/json]

{"id":"PWWe3w1SDU","name":"Amazing Burger!","price":999,"promotions":[{"id":"ZRAwbsO2qM","type":"BUY_X_GET_Y_FREE","required_qty":2,"free_qty":1}]}

2024-12-30 22:33:47.380 Request received:
127.0.0.1 - GET /products

Accept: [application/json, application/yaml, application/*+json]
Connection: [Upgrade, HTTP2-Settings]
User-Agent: [Java-http-client/23.0.1]
Host: [localhost:8082]
HTTP2-Settings: [AAEAAEAAAAIAAAAAAAMAAAAAAAQBAAAAAAUAAEAAAAYABgAA]
Content-Length: [0]
Upgrade: [h2c]



Matched response definition:
{
  "status" : 200,
  "body" : "[{\"id\":\"Dwt5F7KAhi\",\"name\":\"Amazing Pizza!\",\"price\":1099},{\"id\":\"PWWe3w1SDU\",\"name\":\"Amazing Burger!\",\"price\":999},{\"id\":\"C8GDyLrHJb\",\"name\":\"Amazing Salad!\",\"price\":499},{\"id\":\"4MB7UfpTQs\",\"name\":\"Boring Fries!\",\"price\":199}]",
  "headers" : {
    "Content-Type" : "application/json"
  }
}

Response:
HTTP/1.1 200
Content-Type: [application/json]

[{"id":"Dwt5F7KAhi","name":"Amazing Pizza!","price":1099},{"id":"PWWe3w1SDU","name":"Amazing Burger!","price":999},{"id":"C8GDyLrHJb","name":"Amazing Salad!","price":499},{"id":"4MB7UfpTQs","name":"Boring Fries!","price":199}]

2024-12-30 22:33:48.083 Request received:
127.0.0.1 - GET /products

Accept: [application/json, application/yaml, application/*+json]
Connection: [Upgrade, HTTP2-Settings]
User-Agent: [Java-http-client/23.0.1]
Host: [localhost:8082]
HTTP2-Settings: [AAEAAEAAAAIAAAAAAAMAAAAAAAQBAAAAAAUAAEAAAAYABgAA]
Content-Length: [0]
Upgrade: [h2c]



Matched response definition:
{
  "status" : 200,
  "body" : "[{\"id\":\"Dwt5F7KAhi\",\"name\":\"Amazing Pizza!\",\"price\":1099},{\"id\":\"PWWe3w1SDU\",\"name\":\"Amazing Burger!\",\"price\":999},{\"id\":\"C8GDyLrHJb\",\"name\":\"Amazing Salad!\",\"price\":499},{\"id\":\"4MB7UfpTQs\",\"name\":\"Boring Fries!\",\"price\":199}]",
  "headers" : {
    "Content-Type" : "application/json"
  }
}

Response:
HTTP/1.1 200
Content-Type: [application/json]

[{"id":"Dwt5F7KAhi","name":"Amazing Pizza!","price":1099},{"id":"PWWe3w1SDU","name":"Amazing Burger!","price":999},{"id":"C8GDyLrHJb","name":"Amazing Salad!","price":499},{"id":"4MB7UfpTQs","name":"Boring Fries!","price":199}]

2024-12-30 22:33:48.813 Request received:
127.0.0.1 - GET /products

Accept: [application/json, application/yaml, application/*+json]
Connection: [Upgrade, HTTP2-Settings]
User-Agent: [Java-http-client/23.0.1]
Host: [localhost:8082]
HTTP2-Settings: [AAEAAEAAAAIAAAAAAAMAAAAAAAQBAAAAAAUAAEAAAAYABgAA]
Content-Length: [0]
Upgrade: [h2c]



Matched response definition:
{
  "status" : 200,
  "body" : "[{\"id\":\"Dwt5F7KAhi\",\"name\":\"Amazing Pizza!\",\"price\":1099},{\"id\":\"PWWe3w1SDU\",\"name\":\"Amazing Burger!\",\"price\":999},{\"id\":\"C8GDyLrHJb\",\"name\":\"Amazing Salad!\",\"price\":499},{\"id\":\"4MB7UfpTQs\",\"name\":\"Boring Fries!\",\"price\":199}]",
  "headers" : {
    "Content-Type" : "application/json"
  }
}

Response:
HTTP/1.1 200
Content-Type: [application/json]

[{"id":"Dwt5F7KAhi","name":"Amazing Pizza!","price":1099},{"id":"PWWe3w1SDU","name":"Amazing Burger!","price":999},{"id":"C8GDyLrHJb","name":"Amazing Salad!","price":499},{"id":"4MB7UfpTQs","name":"Boring Fries!","price":199}]

2024-12-30 22:33:54.319 Request received:
127.0.0.1 - GET /products

Accept: [application/json, application/yaml, application/*+json]
Connection: [Upgrade, HTTP2-Settings]
User-Agent: [Java-http-client/23.0.1]
Host: [localhost:8082]
HTTP2-Settings: [AAEAAEAAAAIAAAAAAAMAAAAAAAQBAAAAAAUAAEAAAAYABgAA]
Content-Length: [0]
Upgrade: [h2c]



Matched response definition:
{
  "status" : 200,
  "body" : "[{\"id\":\"Dwt5F7KAhi\",\"name\":\"Amazing Pizza!\",\"price\":1099},{\"id\":\"PWWe3w1SDU\",\"name\":\"Amazing Burger!\",\"price\":999},{\"id\":\"C8GDyLrHJb\",\"name\":\"Amazing Salad!\",\"price\":499},{\"id\":\"4MB7UfpTQs\",\"name\":\"Boring Fries!\",\"price\":199}]",
  "headers" : {
    "Content-Type" : "application/json"
  }
}

Response:
HTTP/1.1 200
Content-Type: [application/json]

[{"id":"Dwt5F7KAhi","name":"Amazing Pizza!","price":1099},{"id":"PWWe3w1SDU","name":"Amazing Burger!","price":999},{"id":"C8GDyLrHJb","name":"Amazing Salad!","price":499},{"id":"4MB7UfpTQs","name":"Boring Fries!","price":199}]

2024-12-30 22:33:54.337 Request received:
127.0.0.1 - GET /products/PWWe3w1SDU

Accept: [application/json, application/yaml, application/*+json]
Connection: [Upgrade, HTTP2-Settings]
User-Agent: [Java-http-client/23.0.1]
Host: [localhost:8082]
HTTP2-Settings: [AAEAAEAAAAIAAAAAAAMAAAAAAAQBAAAAAAUAAEAAAAYABgAA]
Content-Length: [0]
Upgrade: [h2c]



Matched response definition:
{
  "status" : 200,
  "body" : "{\"id\":\"PWWe3w1SDU\",\"name\":\"Amazing Burger!\",\"price\":999,\"promotions\":[{\"id\":\"ZRAwbsO2qM\",\"type\":\"BUY_X_GET_Y_FREE\",\"required_qty\":2,\"free_qty\":1}]}",
  "headers" : {
    "Content-Type" : "application/json"
  }
}

Response:
HTTP/1.1 200
Content-Type: [application/json]

{"id":"PWWe3w1SDU","name":"Amazing Burger!","price":999,"promotions":[{"id":"ZRAwbsO2qM","type":"BUY_X_GET_Y_FREE","required_qty":2,"free_qty":1}]}

2024-12-30 22:33:54.369 Request received:
127.0.0.1 - GET /products/PWWe3w1SDU

Accept: [application/json, application/yaml, application/*+json]
Connection: [Upgrade, HTTP2-Settings]
User-Agent: [Java-http-client/23.0.1]
Host: [localhost:8082]
HTTP2-Settings: [AAEAAEAAAAIAAAAAAAMAAAAAAAQBAAAAAAUAAEAAAAYABgAA]
Content-Length: [0]
Upgrade: [h2c]



Matched response definition:
{
  "status" : 200,
  "body" : "{\"id\":\"PWWe3w1SDU\",\"name\":\"Amazing Burger!\",\"price\":999,\"promotions\":[{\"id\":\"ZRAwbsO2qM\",\"type\":\"BUY_X_GET_Y_FREE\",\"required_qty\":2,\"free_qty\":1}]}",
  "headers" : {
    "Content-Type" : "application/json"
  }
}

Response:
HTTP/1.1 200
Content-Type: [application/json]

{"id":"PWWe3w1SDU","name":"Amazing Burger!","price":999,"promotions":[{"id":"ZRAwbsO2qM","type":"BUY_X_GET_Y_FREE","required_qty":2,"free_qty":1}]}

2024-12-30 22:33:54.376 Request received:
127.0.0.1 - GET /products/PWWe3w1SDU

Accept: [application/json, application/yaml, application/*+json]
Connection: [Upgrade, HTTP2-Settings]
User-Agent: [Java-http-client/23.0.1]
Host: [localhost:8082]
HTTP2-Settings: [AAEAAEAAAAIAAAAAAAMAAAAAAAQBAAAAAAUAAEAAAAYABgAA]
Content-Length: [0]
Upgrade: [h2c]



Matched response definition:
{
  "status" : 200,
  "body" : "{\"id\":\"PWWe3w1SDU\",\"name\":\"Amazing Burger!\",\"price\":999,\"promotions\":[{\"id\":\"ZRAwbsO2qM\",\"type\":\"BUY_X_GET_Y_FREE\",\"required_qty\":2,\"free_qty\":1}]}",
  "headers" : {
    "Content-Type" : "application/json"
  }
}

Response:
HTTP/1.1 200
Content-Type: [application/json]

{"id":"PWWe3w1SDU","name":"Amazing Burger!","price":999,"promotions":[{"id":"ZRAwbsO2qM","type":"BUY_X_GET_Y_FREE","required_qty":2,"free_qty":1}]}

2024-12-30 22:35:42.811 Request received:
127.0.0.1 - GET /products

Accept: [application/json, application/yaml, application/*+json]
Connection: [Upgrade, HTTP2-Settings]
User-Agent: [Java-http-client/23.0.1]
Host: [localhost:8082]
HTTP2-Settings: [AAEAAEAAAAIAAAAAAAMAAAAAAAQBAAAAAAUAAEAAAAYABgAA]
Content-Length: [0]
Upgrade: [h2c]



Matched response definition:
{
  "status" : 200,
  "body" : "[{\"id\":\"Dwt5F7KAhi\",\"name\":\"Amazing Pizza!\",\"price\":1099},{\"id\":\"PWWe3w1SDU\",\"name\":\"Amazing Burger!\",\"price\":999},{\"id\":\"C8GDyLrHJb\",\"name\":\"Amazing Salad!\",\"price\":499},{\"id\":\"4MB7UfpTQs\",\"name\":\"Boring Fries!\",\"price\":199}]",
  "headers" : {
    "Content-Type" : "application/json"
  }
}

Response:
HTTP/1.1 200
Content-Type: [application/json]

[{"id":"Dwt5F7KAhi","name":"Amazing Pizza!","price":1099},{"id":"PWWe3w1SDU","name":"Amazing Burger!","price":999},{"id":"C8GDyLrHJb","name":"Amazing Salad!","price":499},{"id":"4MB7UfpTQs","name":"Boring Fries!","price":199}]

2024-12-30 22:35:43.362 Request received:
127.0.0.1 - GET /products

Accept: [application/json, application/yaml, application/*+json]
Connection: [Upgrade, HTTP2-Settings]
User-Agent: [Java-http-client/23.0.1]
Host: [localhost:8082]
HTTP2-Settings: [AAEAAEAAAAIAAAAAAAMAAAAAAAQBAAAAAAUAAEAAAAYABgAA]
Content-Length: [0]
Upgrade: [h2c]



Matched response definition:
{
  "status" : 200,
  "body" : "[{\"id\":\"Dwt5F7KAhi\",\"name\":\"Amazing Pizza!\",\"price\":1099},{\"id\":\"PWWe3w1SDU\",\"name\":\"Amazing Burger!\",\"price\":999},{\"id\":\"C8GDyLrHJb\",\"name\":\"Amazing Salad!\",\"price\":499},{\"id\":\"4MB7UfpTQs\",\"name\":\"Boring Fries!\",\"price\":199}]",
  "headers" : {
    "Content-Type" : "application/json"
  }
}

Response:
HTTP/1.1 200
Content-Type: [application/json]

[{"id":"Dwt5F7KAhi","name":"Amazing Pizza!","price":1099},{"id":"PWWe3w1SDU","name":"Amazing Burger!","price":999},{"id":"C8GDyLrHJb","name":"Amazing Salad!","price":499},{"id":"4MB7UfpTQs","name":"Boring Fries!","price":199}]

2024-12-30 22:35:44.154 Request received:
127.0.0.1 - GET /products

Accept: [application/json, application/yaml, application/*+json]
Connection: [Upgrade, HTTP2-Settings]
User-Agent: [Java-http-client/23.0.1]
Host: [localhost:8082]
HTTP2-Settings: [AAEAAEAAAAIAAAAAAAMAAAAAAAQBAAAAAAUAAEAAAAYABgAA]
Content-Length: [0]
Upgrade: [h2c]



Matched response definition:
{
  "status" : 200,
  "body" : "[{\"id\":\"Dwt5F7KAhi\",\"name\":\"Amazing Pizza!\",\"price\":1099},{\"id\":\"PWWe3w1SDU\",\"name\":\"Amazing Burger!\",\"price\":999},{\"id\":\"C8GDyLrHJb\",\"name\":\"Amazing Salad!\",\"price\":499},{\"id\":\"4MB7UfpTQs\",\"name\":\"Boring Fries!\",\"price\":199}]",
  "headers" : {
    "Content-Type" : "application/json"
  }
}

Response:
HTTP/1.1 200
Content-Type: [application/json]

[{"id":"Dwt5F7KAhi","name":"Amazing Pizza!","price":1099},{"id":"PWWe3w1SDU","name":"Amazing Burger!","price":999},{"id":"C8GDyLrHJb","name":"Amazing Salad!","price":499},{"id":"4MB7UfpTQs","name":"Boring Fries!","price":199}]

2024-12-30 22:35:48.923 Request received:
127.0.0.1 - GET /products

Accept: [application/json, application/yaml, application/*+json]
Connection: [Upgrade, HTTP2-Settings]
User-Agent: [Java-http-client/23.0.1]
Host: [localhost:8082]
HTTP2-Settings: [AAEAAEAAAAIAAAAAAAMAAAAAAAQBAAAAAAUAAEAAAAYABgAA]
Content-Length: [0]
Upgrade: [h2c]



Matched response definition:
{
  "status" : 200,
  "body" : "[{\"id\":\"Dwt5F7KAhi\",\"name\":\"Amazing Pizza!\",\"price\":1099},{\"id\":\"PWWe3w1SDU\",\"name\":\"Amazing Burger!\",\"price\":999},{\"id\":\"C8GDyLrHJb\",\"name\":\"Amazing Salad!\",\"price\":499},{\"id\":\"4MB7UfpTQs\",\"name\":\"Boring Fries!\",\"price\":199}]",
  "headers" : {
    "Content-Type" : "application/json"
  }
}

Response:
HTTP/1.1 200
Content-Type: [application/json]

[{"id":"Dwt5F7KAhi","name":"Amazing Pizza!","price":1099},{"id":"PWWe3w1SDU","name":"Amazing Burger!","price":999},{"id":"C8GDyLrHJb","name":"Amazing Salad!","price":499},{"id":"4MB7UfpTQs","name":"Boring Fries!","price":199}]

2024-12-30 22:35:48.943 Request received:
127.0.0.1 - GET /products/PWWe3w1SDU

Accept: [application/json, application/yaml, application/*+json]
Connection: [Upgrade, HTTP2-Settings]
User-Agent: [Java-http-client/23.0.1]
Host: [localhost:8082]
HTTP2-Settings: [AAEAAEAAAAIAAAAAAAMAAAAAAAQBAAAAAAUAAEAAAAYABgAA]
Content-Length: [0]
Upgrade: [h2c]



Matched response definition:
{
  "status" : 200,
  "body" : "{\"id\":\"PWWe3w1SDU\",\"name\":\"Amazing Burger!\",\"price\":999,\"promotions\":[{\"id\":\"ZRAwbsO2qM\",\"type\":\"BUY_X_GET_Y_FREE\",\"required_qty\":2,\"free_qty\":1}]}",
  "headers" : {
    "Content-Type" : "application/json"
  }
}

Response:
HTTP/1.1 200
Content-Type: [application/json]

{"id":"PWWe3w1SDU","name":"Amazing Burger!","price":999,"promotions":[{"id":"ZRAwbsO2qM","type":"BUY_X_GET_Y_FREE","required_qty":2,"free_qty":1}]}

2024-12-30 22:35:48.972 Request received:
127.0.0.1 - GET /products/PWWe3w1SDU

Accept: [application/json, application/yaml, application/*+json]
Connection: [Upgrade, HTTP2-Settings]
User-Agent: [Java-http-client/23.0.1]
Host: [localhost:8082]
HTTP2-Settings: [AAEAAEAAAAIAAAAAAAMAAAAAAAQBAAAAAAUAAEAAAAYABgAA]
Content-Length: [0]
Upgrade: [h2c]



Matched response definition:
{
  "status" : 200,
  "body" : "{\"id\":\"PWWe3w1SDU\",\"name\":\"Amazing Burger!\",\"price\":999,\"promotions\":[{\"id\":\"ZRAwbsO2qM\",\"type\":\"BUY_X_GET_Y_FREE\",\"required_qty\":2,\"free_qty\":1}]}",
  "headers" : {
    "Content-Type" : "application/json"
  }
}

Response:
HTTP/1.1 200
Content-Type: [application/json]

{"id":"PWWe3w1SDU","name":"Amazing Burger!","price":999,"promotions":[{"id":"ZRAwbsO2qM","type":"BUY_X_GET_Y_FREE","required_qty":2,"free_qty":1}]}

2024-12-30 22:35:48.981 Request received:
127.0.0.1 - GET /products/PWWe3w1SDU

Accept: [application/json, application/yaml, application/*+json]
Connection: [Upgrade, HTTP2-Settings]
User-Agent: [Java-http-client/23.0.1]
Host: [localhost:8082]
HTTP2-Settings: [AAEAAEAAAAIAAAAAAAMAAAAAAAQBAAAAAAUAAEAAAAYABgAA]
Content-Length: [0]
Upgrade: [h2c]



Matched response definition:
{
  "status" : 200,
  "body" : "{\"id\":\"PWWe3w1SDU\",\"name\":\"Amazing Burger!\",\"price\":999,\"promotions\":[{\"id\":\"ZRAwbsO2qM\",\"type\":\"BUY_X_GET_Y_FREE\",\"required_qty\":2,\"free_qty\":1}]}",
  "headers" : {
    "Content-Type" : "application/json"
  }
}

Response:
HTTP/1.1 200
Content-Type: [application/json]

{"id":"PWWe3w1SDU","name":"Amazing Burger!","price":999,"promotions":[{"id":"ZRAwbsO2qM","type":"BUY_X_GET_Y_FREE","required_qty":2,"free_qty":1}]}

2024-12-30 22:42:56.755 Request received:
127.0.0.1 - GET /products/PWWe3w1SDU

Accept: [application/json, application/yaml, application/*+json]
Connection: [Upgrade, HTTP2-Settings]
User-Agent: [Java-http-client/23.0.1]
Host: [localhost:8082]
HTTP2-Settings: [AAEAAEAAAAIAAAAAAAMAAAAAAAQBAAAAAAUAAEAAAAYABgAA]
Content-Length: [0]
Upgrade: [h2c]



Matched response definition:
{
  "status" : 200,
  "body" : "{\"id\":\"PWWe3w1SDU\",\"name\":\"Amazing Burger!\",\"price\":999,\"promotions\":[{\"id\":\"ZRAwbsO2qM\",\"type\":\"BUY_X_GET_Y_FREE\",\"required_qty\":2,\"free_qty\":1}]}",
  "headers" : {
    "Content-Type" : "application/json"
  }
}

Response:
HTTP/1.1 200
Content-Type: [application/json]

{"id":"PWWe3w1SDU","name":"Amazing Burger!","price":999,"promotions":[{"id":"ZRAwbsO2qM","type":"BUY_X_GET_Y_FREE","required_qty":2,"free_qty":1}]}

2024-12-30 22:42:56.806 Request received:
127.0.0.1 - GET /products/PWWe3w1SDU

Accept: [application/json, application/yaml, application/*+json]
Connection: [Upgrade, HTTP2-Settings]
User-Agent: [Java-http-client/23.0.1]
Host: [localhost:8082]
HTTP2-Settings: [AAEAAEAAAAIAAAAAAAMAAAAAAAQBAAAAAAUAAEAAAAYABgAA]
Content-Length: [0]
Upgrade: [h2c]



Matched response definition:
{
  "status" : 200,
  "body" : "{\"id\":\"PWWe3w1SDU\",\"name\":\"Amazing Burger!\",\"price\":999,\"promotions\":[{\"id\":\"ZRAwbsO2qM\",\"type\":\"BUY_X_GET_Y_FREE\",\"required_qty\":2,\"free_qty\":1}]}",
  "headers" : {
    "Content-Type" : "application/json"
  }
}

Response:
HTTP/1.1 200
Content-Type: [application/json]

{"id":"PWWe3w1SDU","name":"Amazing Burger!","price":999,"promotions":[{"id":"ZRAwbsO2qM","type":"BUY_X_GET_Y_FREE","required_qty":2,"free_qty":1}]}

2024-12-30 22:42:56.813 Request received:
127.0.0.1 - GET /products/PWWe3w1SDU

Accept: [application/json, application/yaml, application/*+json]
Connection: [Upgrade, HTTP2-Settings]
User-Agent: [Java-http-client/23.0.1]
Host: [localhost:8082]
HTTP2-Settings: [AAEAAEAAAAIAAAAAAAMAAAAAAAQBAAAAAAUAAEAAAAYABgAA]
Content-Length: [0]
Upgrade: [h2c]



Matched response definition:
{
  "status" : 200,
  "body" : "{\"id\":\"PWWe3w1SDU\",\"name\":\"Amazing Burger!\",\"price\":999,\"promotions\":[{\"id\":\"ZRAwbsO2qM\",\"type\":\"BUY_X_GET_Y_FREE\",\"required_qty\":2,\"free_qty\":1}]}",
  "headers" : {
    "Content-Type" : "application/json"
  }
}

Response:
HTTP/1.1 200
Content-Type: [application/json]

{"id":"PWWe3w1SDU","name":"Amazing Burger!","price":999,"promotions":[{"id":"ZRAwbsO2qM","type":"BUY_X_GET_Y_FREE","required_qty":2,"free_qty":1}]}

2024-12-31 16:23:20.239 Request received:
127.0.0.1 - GET /products

Accept: [application/json, application/yaml, application/*+json]
Connection: [Upgrade, HTTP2-Settings]
User-Agent: [Java-http-client/23.0.1]
Host: [localhost:8082]
HTTP2-Settings: [AAEAAEAAAAIAAAAAAAMAAAAAAAQBAAAAAAUAAEAAAAYABgAA]
Content-Length: [0]
Upgrade: [h2c]



Matched response definition:
{
  "status" : 200,
  "body" : "[{\"id\":\"Dwt5F7KAhi\",\"name\":\"Amazing Pizza!\",\"price\":1099},{\"id\":\"PWWe3w1SDU\",\"name\":\"Amazing Burger!\",\"price\":999},{\"id\":\"C8GDyLrHJb\",\"name\":\"Amazing Salad!\",\"price\":499},{\"id\":\"4MB7UfpTQs\",\"name\":\"Boring Fries!\",\"price\":199}]",
  "headers" : {
    "Content-Type" : "application/json"
  }
}

Response:
HTTP/1.1 200
Content-Type: [application/json]

[{"id":"Dwt5F7KAhi","name":"Amazing Pizza!","price":1099},{"id":"PWWe3w1SDU","name":"Amazing Burger!","price":999},{"id":"C8GDyLrHJb","name":"Amazing Salad!","price":499},{"id":"4MB7UfpTQs","name":"Boring Fries!","price":199}]

2024-12-31 17:19:50.773 Request received:
127.0.0.1 - GET /products

Accept: [application/json, application/yaml, application/*+json]
Connection: [Upgrade, HTTP2-Settings]
User-Agent: [Java-http-client/23.0.1]
Host: [localhost:8082]
HTTP2-Settings: [AAEAAEAAAAIAAAAAAAMAAAAAAAQBAAAAAAUAAEAAAAYABgAA]
Content-Length: [0]
Upgrade: [h2c]



Matched response definition:
{
  "status" : 200,
  "body" : "[{\"id\":\"Dwt5F7KAhi\",\"name\":\"Amazing Pizza!\",\"price\":1099},{\"id\":\"PWWe3w1SDU\",\"name\":\"Amazing Burger!\",\"price\":999},{\"id\":\"C8GDyLrHJb\",\"name\":\"Amazing Salad!\",\"price\":499},{\"id\":\"4MB7UfpTQs\",\"name\":\"Boring Fries!\",\"price\":199}]",
  "headers" : {
    "Content-Type" : "application/json"
  }
}

Response:
HTTP/1.1 200
Content-Type: [application/json]

[{"id":"Dwt5F7KAhi","name":"Amazing Pizza!","price":1099},{"id":"PWWe3w1SDU","name":"Amazing Burger!","price":999},{"id":"C8GDyLrHJb","name":"Amazing Salad!","price":499},{"id":"4MB7UfpTQs","name":"Boring Fries!","price":199}]

2024-12-31 17:39:36.870 Request received:
127.0.0.1 - GET /products

Accept: [application/json, application/yaml, application/*+json]
Connection: [Upgrade, HTTP2-Settings]
User-Agent: [Java-http-client/23.0.1]
Host: [localhost:8082]
HTTP2-Settings: [AAEAAEAAAAIAAAAAAAMAAAAAAAQBAAAAAAUAAEAAAAYABgAA]
Content-Length: [0]
Upgrade: [h2c]



Matched response definition:
{
  "status" : 200,
  "body" : "[{\"id\":\"Dwt5F7KAhi\",\"name\":\"Amazing Pizza!\",\"price\":1099},{\"id\":\"PWWe3w1SDU\",\"name\":\"Amazing Burger!\",\"price\":999},{\"id\":\"C8GDyLrHJb\",\"name\":\"Amazing Salad!\",\"price\":499},{\"id\":\"4MB7UfpTQs\",\"name\":\"Boring Fries!\",\"price\":199}]",
  "headers" : {
    "Content-Type" : "application/json"
  }
}

Response:
HTTP/1.1 200
Content-Type: [application/json]

[{"id":"Dwt5F7KAhi","name":"Amazing Pizza!","price":1099},{"id":"PWWe3w1SDU","name":"Amazing Burger!","price":999},{"id":"C8GDyLrHJb","name":"Amazing Salad!","price":499},{"id":"4MB7UfpTQs","name":"Boring Fries!","price":199}]

2024-12-31 17:40:13.776 Request received:
127.0.0.1 - GET /products

Accept: [application/json, application/yaml, application/*+json]
Connection: [Upgrade, HTTP2-Settings]
User-Agent: [Java-http-client/23.0.1]
Host: [localhost:8082]
HTTP2-Settings: [AAEAAEAAAAIAAAAAAAMAAAAAAAQBAAAAAAUAAEAAAAYABgAA]
Content-Length: [0]
Upgrade: [h2c]



Matched response definition:
{
  "status" : 200,
  "body" : "[{\"id\":\"Dwt5F7KAhi\",\"name\":\"Amazing Pizza!\",\"price\":1099},{\"id\":\"PWWe3w1SDU\",\"name\":\"Amazing Burger!\",\"price\":999},{\"id\":\"C8GDyLrHJb\",\"name\":\"Amazing Salad!\",\"price\":499},{\"id\":\"4MB7UfpTQs\",\"name\":\"Boring Fries!\",\"price\":199}]",
  "headers" : {
    "Content-Type" : "application/json"
  }
}

Response:
HTTP/1.1 200
Content-Type: [application/json]

[{"id":"Dwt5F7KAhi","name":"Amazing Pizza!","price":1099},{"id":"PWWe3w1SDU","name":"Amazing Burger!","price":999},{"id":"C8GDyLrHJb","name":"Amazing Salad!","price":499},{"id":"4MB7UfpTQs","name":"Boring Fries!","price":199}]

2024-12-31 17:40:13.795 Request received:
127.0.0.1 - GET /products/PWWe3w1SDU

Accept: [application/json, application/yaml, application/*+json]
Connection: [Upgrade, HTTP2-Settings]
User-Agent: [Java-http-client/23.0.1]
Host: [localhost:8082]
HTTP2-Settings: [AAEAAEAAAAIAAAAAAAMAAAAAAAQBAAAAAAUAAEAAAAYABgAA]
Content-Length: [0]
Upgrade: [h2c]



Matched response definition:
{
  "status" : 200,
  "body" : "{\"id\":\"PWWe3w1SDU\",\"name\":\"Amazing Burger!\",\"price\":999,\"promotions\":[{\"id\":\"ZRAwbsO2qM\",\"type\":\"BUY_X_GET_Y_FREE\",\"required_qty\":2,\"free_qty\":1}]}",
  "headers" : {
    "Content-Type" : "application/json"
  }
}

Response:
HTTP/1.1 200
Content-Type: [application/json]

{"id":"PWWe3w1SDU","name":"Amazing Burger!","price":999,"promotions":[{"id":"ZRAwbsO2qM","type":"BUY_X_GET_Y_FREE","required_qty":2,"free_qty":1}]}

2024-12-31 17:40:13.821 Request received:
127.0.0.1 - GET /products/PWWe3w1SDU

Accept: [application/json, application/yaml, application/*+json]
Connection: [Upgrade, HTTP2-Settings]
User-Agent: [Java-http-client/23.0.1]
Host: [localhost:8082]
HTTP2-Settings: [AAEAAEAAAAIAAAAAAAMAAAAAAAQBAAAAAAUAAEAAAAYABgAA]
Content-Length: [0]
Upgrade: [h2c]



Matched response definition:
{
  "status" : 200,
  "body" : "{\"id\":\"PWWe3w1SDU\",\"name\":\"Amazing Burger!\",\"price\":999,\"promotions\":[{\"id\":\"ZRAwbsO2qM\",\"type\":\"BUY_X_GET_Y_FREE\",\"required_qty\":2,\"free_qty\":1}]}",
  "headers" : {
    "Content-Type" : "application/json"
  }
}

Response:
HTTP/1.1 200
Content-Type: [application/json]

{"id":"PWWe3w1SDU","name":"Amazing Burger!","price":999,"promotions":[{"id":"ZRAwbsO2qM","type":"BUY_X_GET_Y_FREE","required_qty":2,"free_qty":1}]}

